REANN Package used for fitting energy and tensorial Property
2023-09-06-19_21_59 
Epoch   lr      train Energy     Dipole     Force      POL        val   Energy     Dipole     Force      POL        
0       1.0e-02 RMSE  6.098e-01  4.080e-01  1.720e+00  2.377e-01  RMSE  6.275e-01  1.972e-01  1.729e+00  9.991e-02  
1       1.0e-02 RMSE  6.173e-01  1.330e-01  1.720e+00  1.675e-01  RMSE  6.225e-01  1.087e-01  1.728e+00  2.876e-01  
2       1.0e-02 RMSE  6.921e-01  1.132e-01  1.719e+00  1.271e-01  RMSE  7.285e-01  1.103e-01  1.728e+00  1.308e-01  
3       1.0e-02 RMSE  6.722e-01  8.931e-02  1.718e+00  7.643e-02  RMSE  1.040e+00  7.830e-02  1.726e+00  1.423e-01  
4       1.0e-02 RMSE  6.967e-01  7.606e-02  1.716e+00  7.561e-02  RMSE  7.062e-01  7.764e-02  1.723e+00  8.445e-02  
5       1.0e-02 RMSE  7.202e-01  8.508e-02  1.712e+00  1.046e-01  RMSE  6.711e-01  1.048e-01  1.710e+00  1.550e-01  
6       1.0e-02 RMSE  6.259e+00  4.482e-01  1.626e+00  5.117e-01  RMSE  4.941e+00  4.025e-01  1.702e+00  8.350e-01  
7       1.0e-02 RMSE  3.329e+00  3.712e-01  1.585e+00  3.181e-01  RMSE  3.919e+00  2.691e-01  1.393e+00  1.941e-01  
8       1.0e-02 RMSE  5.620e+00  3.056e-01  1.263e+00  1.974e-01  RMSE  5.900e+00  4.016e-01  1.299e+00  2.453e-01  
9       1.0e-02 RMSE  4.985e+00  3.085e-01  1.232e+00  2.194e-01  RMSE  1.137e+01  2.864e-01  1.156e+00  2.597e-01  
10      1.0e-02 RMSE  7.649e+00  2.503e-01  1.054e+00  2.361e-01  RMSE  5.809e+00  2.305e-01  1.079e+00  2.732e-01  
11      1.0e-02 RMSE  6.623e+00  1.997e-01  9.846e-01  1.680e-01  RMSE  4.556e+00  1.915e-01  9.856e-01  8.818e-02  
12      1.0e-02 RMSE  5.009e+00  1.738e-01  9.007e-01  8.143e-02  RMSE  4.112e+00  1.490e-01  8.934e-01  5.534e-02  
13      1.0e-02 RMSE  2.492e+00  1.433e-01  8.372e-01  1.008e-01  RMSE  1.003e+00  1.193e-01  9.609e-01  1.121e-01  
14      1.0e-02 RMSE  3.951e+00  1.138e-01  9.391e-01  1.368e-01  RMSE  1.236e+00  1.106e-01  8.994e-01  1.651e-01  
15      1.0e-02 RMSE  3.571e+00  1.100e-01  7.768e-01  1.203e-01  RMSE  7.085e+00  1.094e-01  7.612e-01  1.464e-01  
16      1.0e-02 RMSE  3.387e+00  9.792e-02  7.533e-01  1.037e-01  RMSE  3.311e+00  1.043e-01  8.220e-01  8.355e-02  
17      1.0e-02 RMSE  2.684e+00  9.630e-02  6.796e-01  1.011e-01  RMSE  3.825e-01  9.309e-02  7.170e-01  1.796e-01  
18      1.0e-02 RMSE  1.225e+00  7.580e-02  6.100e-01  1.212e-01  RMSE  2.228e+00  7.501e-02  6.147e-01  7.234e-02  
19      1.0e-02 RMSE  1.501e+00  7.312e-02  5.688e-01  7.703e-02  RMSE  1.713e+00  6.305e-02  5.726e-01  7.973e-02  
20      1.0e-02 RMSE  7.386e-01  6.222e-02  5.142e-01  6.275e-02  RMSE  3.143e-01  6.157e-02  5.274e-01  5.630e-02  
21      1.0e-02 RMSE  1.012e+00  6.056e-02  4.743e-01  6.054e-02  RMSE  2.223e+00  6.123e-02  5.311e-01  6.497e-02  
22      1.0e-02 RMSE  1.531e+00  6.235e-02  5.209e-01  6.550e-02  RMSE  5.176e-01  6.292e-02  4.583e-01  7.033e-02  
23      1.0e-02 RMSE  1.095e+00  6.121e-02  4.242e-01  6.097e-02  RMSE  1.646e-01  6.023e-02  4.310e-01  7.095e-02  
24      1.0e-02 RMSE  6.651e-01  6.224e-02  4.139e-01  6.013e-02  RMSE  6.360e-01  6.641e-02  5.233e-01  7.157e-02  
25      1.0e-02 RMSE  6.696e-01  6.130e-02  4.732e-01  6.560e-02  RMSE  1.123e+00  5.807e-02  4.596e-01  4.789e-02  
26      1.0e-02 RMSE  9.790e-01  5.839e-02  4.173e-01  5.744e-02  RMSE  3.020e-01  6.707e-02  4.508e-01  5.611e-02  
27      1.0e-02 RMSE  8.244e-01  5.964e-02  3.964e-01  5.624e-02  RMSE  4.768e-01  5.906e-02  4.248e-01  4.278e-02  
28      1.0e-02 RMSE  7.618e-01  5.676e-02  3.855e-01  4.328e-02  RMSE  3.969e-01  5.511e-02  4.037e-01  4.909e-02  
29      1.0e-02 RMSE  8.308e-01  5.512e-02  3.841e-01  4.471e-02  RMSE  1.102e+00  5.498e-02  3.812e-01  4.070e-02  
30      1.0e-02 RMSE  6.319e-01  5.596e-02  3.561e-01  5.004e-02  RMSE  1.145e+00  5.328e-02  3.698e-01  5.740e-02  
31      1.0e-02 RMSE  6.820e-01  5.342e-02  3.771e-01  4.861e-02  RMSE  1.475e-01  5.383e-02  3.588e-01  6.251e-02  
32      1.0e-02 RMSE  4.637e-01  5.367e-02  3.416e-01  4.930e-02  RMSE  5.716e-01  5.638e-02  3.291e-01  4.866e-02  
33      1.0e-02 RMSE  5.033e-01  5.153e-02  3.155e-01  3.979e-02  RMSE  1.451e-01  5.498e-02  3.281e-01  4.663e-02  
34      1.0e-02 RMSE  8.508e-01  5.172e-02  4.128e-01  4.082e-02  RMSE  2.578e+00  6.577e-02  5.356e-01  4.209e-02  
35      1.0e-02 RMSE  1.407e+00  5.453e-02  4.460e-01  6.817e-02  RMSE  1.838e+00  5.307e-02  4.676e-01  6.231e-02  
36      1.0e-02 RMSE  1.374e+00  5.838e-02  3.951e-01  6.695e-02  RMSE  9.248e-01  5.353e-02  3.865e-01  4.636e-02  
37      1.0e-02 RMSE  6.402e-01  5.388e-02  3.319e-01  4.437e-02  RMSE  6.423e-01  4.951e-02  3.273e-01  6.135e-02  
38      1.0e-02 RMSE  4.055e-01  4.780e-02  3.102e-01  5.206e-02  RMSE  8.845e-01  4.670e-02  3.112e-01  4.458e-02  
39      1.0e-02 RMSE  6.481e-01  4.561e-02  3.010e-01  4.293e-02  RMSE  1.481e-01  4.570e-02  3.019e-01  4.285e-02  
40      1.0e-02 RMSE  5.248e-01  4.613e-02  2.976e-01  4.025e-02  RMSE  7.171e-01  4.586e-02  3.326e-01  5.908e-02  
41      1.0e-02 RMSE  8.308e-01  4.705e-02  3.316e-01  4.460e-02  RMSE  1.015e+00  4.697e-02  3.951e-01  8.179e-02  
42      1.0e-02 RMSE  9.110e-01  4.450e-02  3.649e-01  5.086e-02  RMSE  1.871e+00  4.868e-02  4.128e-01  3.575e-02  
43      1.0e-02 RMSE  9.839e-01  4.612e-02  3.357e-01  4.758e-02  RMSE  1.275e+00  4.253e-02  3.640e-01  4.077e-02  
44      1.0e-02 RMSE  6.427e-01  4.291e-02  3.100e-01  4.256e-02  RMSE  7.853e-01  4.292e-02  3.309e-01  3.651e-02  
45      1.0e-02 RMSE  5.846e-01  4.167e-02  3.005e-01  4.013e-02  RMSE  9.023e-01  4.194e-02  3.177e-01  3.573e-02  
46      1.0e-02 RMSE  4.210e-01  4.164e-02  2.882e-01  3.937e-02  RMSE  9.273e-01  4.226e-02  2.778e-01  5.371e-02  
47      1.0e-02 RMSE  4.032e-01  3.919e-02  2.571e-01  4.309e-02  RMSE  2.566e-01  3.861e-02  2.628e-01  4.874e-02  
48      1.0e-02 RMSE  3.159e-01  3.816e-02  2.687e-01  4.366e-02  RMSE  1.322e+00  4.873e-02  3.354e-01  5.522e-02  
49      1.0e-02 RMSE  5.452e-01  4.008e-02  3.253e-01  5.281e-02  RMSE  8.956e-02  3.816e-02  4.208e-01  4.064e-02  
50      1.0e-02 RMSE  6.608e-01  3.942e-02  3.362e-01  4.690e-02  RMSE  1.326e+00  4.592e-02  2.745e-01  4.336e-02  
51      1.0e-02 RMSE  6.249e-01  3.955e-02  2.543e-01  4.302e-02  RMSE  2.345e-01  3.783e-02  2.682e-01  5.595e-02  
52      1.0e-02 RMSE  3.416e-01  3.627e-02  2.408e-01  4.066e-02  RMSE  3.216e-01  3.498e-02  2.400e-01  3.414e-02  
53      1.0e-02 RMSE  1.958e-01  3.493e-02  2.290e-01  3.863e-02  RMSE  6.520e-02  3.405e-02  2.377e-01  4.101e-02  
54      1.0e-02 RMSE  1.941e-01  3.334e-02  2.366e-01  3.763e-02  RMSE  5.321e-01  3.487e-02  2.468e-01  4.357e-02  
55      1.0e-02 RMSE  4.238e-01  3.389e-02  2.262e-01  3.834e-02  RMSE  1.096e-01  3.465e-02  2.445e-01  3.884e-02  
56      1.0e-02 RMSE  3.901e-01  3.457e-02  2.497e-01  4.258e-02  RMSE  9.571e-01  3.418e-02  2.582e-01  5.454e-02  
57      1.0e-02 RMSE  4.322e-01  3.394e-02  2.540e-01  4.203e-02  RMSE  4.164e-01  3.428e-02  3.178e-01  3.909e-02  
58      1.0e-02 RMSE  5.317e-01  3.559e-02  2.901e-01  4.134e-02  RMSE  1.176e+00  3.550e-02  3.170e-01  6.143e-02  
59      1.0e-02 RMSE  6.735e-01  3.733e-02  2.634e-01  4.895e-02  RMSE  8.712e-01  4.219e-02  2.709e-01  6.339e-02  
60      1.0e-02 RMSE  5.077e-01  3.706e-02  2.374e-01  4.847e-02  RMSE  1.581e-01  3.539e-02  2.434e-01  5.337e-02  
61      1.0e-02 RMSE  1.806e-01  3.246e-02  2.240e-01  4.265e-02  RMSE  6.153e-02  3.834e-02  2.398e-01  4.669e-02  
62      1.0e-02 RMSE  2.088e-01  3.205e-02  2.220e-01  4.096e-02  RMSE  3.388e-01  3.584e-02  2.608e-01  4.351e-02  
63      1.0e-02 RMSE  3.230e-01  3.279e-02  2.422e-01  4.234e-02  RMSE  9.672e-01  3.353e-02  2.571e-01  4.362e-02  
64      1.0e-02 RMSE  4.715e-01  3.154e-02  2.344e-01  4.203e-02  RMSE  2.330e-01  3.106e-02  2.436e-01  4.011e-02  
65      1.0e-02 RMSE  3.943e-01  3.184e-02  2.210e-01  4.339e-02  RMSE  2.468e-01  3.206e-02  2.444e-01  3.706e-02  
66      1.0e-02 RMSE  3.360e-01  3.280e-02  2.224e-01  3.845e-02  RMSE  2.176e-01  4.388e-02  2.675e-01  7.602e-02  
67      1.0e-02 RMSE  6.811e-01  3.585e-02  2.298e-01  5.358e-02  RMSE  3.690e-01  3.057e-02  2.410e-01  4.466e-02  
68      1.0e-02 RMSE  3.758e-01  3.077e-02  2.326e-01  4.611e-02  RMSE  2.739e-01  3.049e-02  2.680e-01  4.180e-02  
69      1.0e-02 RMSE  6.970e-01  3.729e-02  2.637e-01  6.248e-02  RMSE  6.501e-01  3.390e-02  2.300e-01  7.038e-02  
70      1.0e-02 RMSE  4.850e-01  3.279e-02  2.127e-01  5.295e-02  RMSE  6.709e-01  3.403e-02  2.302e-01  5.188e-02  
71      1.0e-02 RMSE  3.874e-01  3.129e-02  2.142e-01  4.367e-02  RMSE  7.240e-01  3.141e-02  2.688e-01  5.772e-02  
72      1.0e-02 RMSE  4.364e-01  2.934e-02  2.489e-01  4.012e-02  RMSE  7.149e-01  3.220e-02  2.792e-01  4.409e-02  
73      1.0e-02 RMSE  7.082e-01  3.969e-02  2.385e-01  5.987e-02  RMSE  5.729e-01  3.482e-02  2.489e-01  5.717e-02  
74      1.0e-02 RMSE  5.462e-01  3.486e-02  2.276e-01  5.193e-02  RMSE  7.140e-02  3.003e-02  2.791e-01  3.506e-02  
75      1.0e-02 RMSE  3.920e-01  3.273e-02  2.552e-01  4.276e-02  RMSE  4.258e-01  3.301e-02  2.907e-01  3.717e-02  
76      1.0e-02 RMSE  4.902e-01  3.457e-02  2.568e-01  4.459e-02  RMSE  3.008e-01  2.922e-02  2.709e-01  3.405e-02  
77      1.0e-02 RMSE  5.926e-01  3.163e-02  2.445e-01  4.180e-02  RMSE  1.276e-01  3.417e-02  2.629e-01  3.927e-02  
78      1.0e-02 RMSE  3.815e-01  3.350e-02  2.279e-01  4.329e-02  RMSE  5.890e-02  2.974e-02  2.481e-01  5.417e-02  
79      1.0e-02 RMSE  3.572e-01  3.228e-02  2.098e-01  4.025e-02  RMSE  3.302e-01  3.366e-02  2.321e-01  4.389e-02  
80      1.0e-02 RMSE  2.174e-01  2.984e-02  1.985e-01  3.948e-02  RMSE  2.987e-01  3.111e-02  2.334e-01  3.884e-02  
81      1.0e-02 RMSE  2.818e-01  3.007e-02  2.026e-01  3.909e-02  RMSE  9.515e-02  2.884e-02  2.339e-01  3.599e-02  
82      1.0e-02 RMSE  4.884e-01  3.153e-02  1.940e-01  4.168e-02  RMSE  1.240e-01  3.343e-02  2.140e-01  4.536e-02  
83      1.0e-02 RMSE  2.737e-01  2.888e-02  1.874e-01  3.636e-02  RMSE  3.326e-01  2.931e-02  1.800e-01  3.242e-02  
84      1.0e-02 RMSE  2.588e-01  2.859e-02  1.755e-01  3.517e-02  RMSE  3.121e-01  2.900e-02  1.766e-01  3.712e-02  
85      1.0e-02 RMSE  2.944e-01  2.814e-02  1.788e-01  3.507e-02  RMSE  4.171e-01  2.836e-02  1.912e-01  4.035e-02  
86      1.0e-02 RMSE  4.575e-01  3.011e-02  1.936e-01  4.141e-02  RMSE  6.831e-02  2.867e-02  2.134e-01  3.290e-02  
87      1.0e-02 RMSE  5.452e-01  2.991e-02  2.171e-01  3.608e-02  RMSE  1.301e+00  3.794e-02  2.829e-01  4.926e-02  
88      1.0e-02 RMSE  1.157e+00  3.860e-02  2.743e-01  5.170e-02  RMSE  6.671e-01  4.056e-02  3.472e-01  7.209e-02  
89      1.0e-02 RMSE  7.220e-01  3.556e-02  3.115e-01  4.912e-02  RMSE  4.171e-01  4.203e-02  3.168e-01  5.239e-02  
90      1.0e-02 RMSE  6.650e-01  3.749e-02  2.561e-01  5.114e-02  RMSE  1.007e-01  3.334e-02  2.758e-01  4.196e-02  
91      1.0e-02 RMSE  4.245e-01  3.190e-02  2.214e-01  4.153e-02  RMSE  6.584e-01  3.916e-02  2.178e-01  5.609e-02  
92      1.0e-02 RMSE  3.228e-01  3.100e-02  1.923e-01  4.421e-02  RMSE  6.955e-02  2.797e-02  2.024e-01  3.783e-02  
93      1.0e-02 RMSE  2.334e-01  3.019e-02  1.910e-01  4.279e-02  RMSE  2.476e-01  3.216e-02  1.815e-01  4.447e-02  
94      1.0e-02 RMSE  2.839e-01  2.814e-02  1.738e-01  3.841e-02  RMSE  2.672e-01  2.728e-02  1.987e-01  4.121e-02  
95      1.0e-02 RMSE  3.657e-01  2.714e-02  1.855e-01  3.745e-02  RMSE  5.821e-01  2.906e-02  2.199e-01  3.612e-02  
96      1.0e-02 RMSE  2.894e-01  2.752e-02  1.832e-01  3.643e-02  RMSE  2.346e-01  2.827e-02  1.623e-01  3.438e-02  
97      1.0e-02 RMSE  1.994e-01  2.713e-02  1.569e-01  3.549e-02  RMSE  6.119e-02  2.666e-02  1.662e-01  3.514e-02  
