REANN Package used for fitting energy and tensorial Property
2023-09-06-19_13_15 
Epoch   lr      train Force      val   Force      
0       3.1e-05 RMSE  9.995e-02  RMSE  1.148e-01  
1       3.1e-05 RMSE  9.995e-02  RMSE  1.148e-01  
2       3.1e-05 RMSE  9.995e-02  RMSE  1.148e-01  
3       3.1e-05 RMSE  9.995e-02  RMSE  1.148e-01  
4       3.1e-05 RMSE  9.995e-02  RMSE  1.148e-01  
5       3.1e-05 RMSE  9.995e-02  RMSE  1.148e-01  
6       3.1e-05 RMSE  9.995e-02  RMSE  1.148e-01  
7       3.1e-05 RMSE  9.995e-02  RMSE  1.148e-01  
8       3.1e-05 RMSE  9.995e-02  RMSE  1.148e-01  
9       3.1e-05 RMSE  9.995e-02  RMSE  1.148e-01  
10      3.1e-05 RMSE  9.995e-02  RMSE  1.148e-01  
11      3.1e-05 RMSE  9.995e-02  RMSE  1.148e-01  
12      3.1e-05 RMSE  9.995e-02  RMSE  1.148e-01  
13      3.1e-05 RMSE  9.995e-02  RMSE  1.148e-01  
14      3.1e-05 RMSE  9.995e-02  RMSE  1.148e-01  
15      3.1e-05 RMSE  9.995e-02  RMSE  1.148e-01  
16      3.1e-05 RMSE  9.995e-02  RMSE  1.148e-01  
17      3.1e-05 RMSE  9.995e-02  RMSE  1.148e-01  
18      3.1e-05 RMSE  9.995e-02  RMSE  1.148e-01  
19      3.1e-05 RMSE  9.995e-02  RMSE  1.148e-01  
20      3.1e-05 RMSE  9.995e-02  RMSE  1.148e-01  
21      3.1e-05 RMSE  9.995e-02  RMSE  1.148e-01  
22      3.1e-05 RMSE  9.995e-02  RMSE  1.148e-01  
23      3.1e-05 RMSE  9.995e-02  RMSE  1.148e-01  
24      3.1e-05 RMSE  9.995e-02  RMSE  1.148e-01  
25      3.1e-05 RMSE  9.995e-02  RMSE  1.148e-01  
26      3.1e-05 RMSE  9.995e-02  RMSE  1.148e-01  
27      3.1e-05 RMSE  9.995e-02  RMSE  1.148e-01  
28      3.1e-05 RMSE  9.995e-02  RMSE  1.148e-01  
29      3.1e-05 RMSE  9.995e-02  RMSE  1.148e-01  
30      3.1e-05 RMSE  9.995e-02  RMSE  1.148e-01  
31      3.1e-05 RMSE  9.994e-02  RMSE  1.148e-01  
32      3.1e-05 RMSE  9.994e-02  RMSE  1.148e-01  
33      3.1e-05 RMSE  9.994e-02  RMSE  1.148e-01  
34      3.1e-05 RMSE  9.994e-02  RMSE  1.148e-01  
35      3.1e-05 RMSE  9.994e-02  RMSE  1.148e-01  
36      3.1e-05 RMSE  9.994e-02  RMSE  1.148e-01  
37      3.1e-05 RMSE  9.994e-02  RMSE  1.148e-01  
38      3.1e-05 RMSE  9.994e-02  RMSE  1.148e-01  
39      3.1e-05 RMSE  9.994e-02  RMSE  1.148e-01  
40      3.1e-05 RMSE  9.994e-02  RMSE  1.148e-01  
41      3.1e-05 RMSE  9.994e-02  RMSE  1.148e-01  
42      3.1e-05 RMSE  9.994e-02  RMSE  1.148e-01  
43      3.1e-05 RMSE  9.994e-02  RMSE  1.148e-01  
44      3.1e-05 RMSE  9.994e-02  RMSE  1.148e-01  
45      3.1e-05 RMSE  9.994e-02  RMSE  1.148e-01  
46      3.1e-05 RMSE  9.994e-02  RMSE  1.148e-01  
47      3.1e-05 RMSE  9.994e-02  RMSE  1.148e-01  
48      3.1e-05 RMSE  9.994e-02  RMSE  1.148e-01  
49      3.1e-05 RMSE  9.994e-02  RMSE  1.148e-01  
50      3.1e-05 RMSE  9.994e-02  RMSE  1.148e-01  
51      3.1e-05 RMSE  9.994e-02  RMSE  1.148e-01  
52      3.1e-05 RMSE  9.994e-02  RMSE  1.148e-01  
53      3.1e-05 RMSE  9.994e-02  RMSE  1.148e-01  
54      3.1e-05 RMSE  9.994e-02  RMSE  1.148e-01  
55      3.1e-05 RMSE  9.994e-02  RMSE  1.148e-01  
56      3.1e-05 RMSE  9.994e-02  RMSE  1.148e-01  
57      3.1e-05 RMSE  9.994e-02  RMSE  1.148e-01  
58      3.1e-05 RMSE  9.994e-02  RMSE  1.148e-01  
59      3.1e-05 RMSE  9.994e-02  RMSE  1.148e-01  
60      3.1e-05 RMSE  9.993e-02  RMSE  1.148e-01  
61      3.1e-05 RMSE  9.993e-02  RMSE  1.148e-01  
62      3.1e-05 RMSE  9.993e-02  RMSE  1.148e-01  
63      3.1e-05 RMSE  9.993e-02  RMSE  1.148e-01  
64      3.1e-05 RMSE  9.993e-02  RMSE  1.148e-01  
65      3.1e-05 RMSE  9.993e-02  RMSE  1.148e-01  
66      3.1e-05 RMSE  9.993e-02  RMSE  1.148e-01  
67      3.1e-05 RMSE  9.993e-02  RMSE  1.148e-01  
68      3.1e-05 RMSE  9.993e-02  RMSE  1.148e-01  
69      3.1e-05 RMSE  9.993e-02  RMSE  1.148e-01  
70      3.1e-05 RMSE  9.993e-02  RMSE  1.148e-01  
71      3.1e-05 RMSE  9.993e-02  RMSE  1.148e-01  
72      3.1e-05 RMSE  9.993e-02  RMSE  1.148e-01  
73      3.1e-05 RMSE  9.993e-02  RMSE  1.148e-01  
74      3.1e-05 RMSE  9.993e-02  RMSE  1.148e-01  
75      3.1e-05 RMSE  9.993e-02  RMSE  1.148e-01  
76      3.1e-05 RMSE  9.993e-02  RMSE  1.148e-01  
77      3.1e-05 RMSE  9.993e-02  RMSE  1.148e-01  
78      3.1e-05 RMSE  9.993e-02  RMSE  1.148e-01  
79      3.1e-05 RMSE  9.993e-02  RMSE  1.148e-01  
80      3.1e-05 RMSE  9.993e-02  RMSE  1.148e-01  
81      3.1e-05 RMSE  9.993e-02  RMSE  1.148e-01  
82      3.1e-05 RMSE  9.993e-02  RMSE  1.148e-01  
83      3.1e-05 RMSE  9.993e-02  RMSE  1.148e-01  
84      3.1e-05 RMSE  9.993e-02  RMSE  1.148e-01  
85      3.1e-05 RMSE  9.993e-02  RMSE  1.148e-01  
86      3.1e-05 RMSE  9.993e-02  RMSE  1.148e-01  
87      3.1e-05 RMSE  9.993e-02  RMSE  1.148e-01  
88      3.1e-05 RMSE  9.993e-02  RMSE  1.148e-01  
89      3.1e-05 RMSE  9.992e-02  RMSE  1.148e-01  
90      3.1e-05 RMSE  9.992e-02  RMSE  1.148e-01  
91      3.1e-05 RMSE  9.992e-02  RMSE  1.148e-01  
92      3.1e-05 RMSE  9.992e-02  RMSE  1.148e-01  
93      3.1e-05 RMSE  9.992e-02  RMSE  1.148e-01  
94      3.1e-05 RMSE  9.992e-02  RMSE  1.148e-01  
95      3.1e-05 RMSE  9.992e-02  RMSE  1.148e-01  
96      3.1e-05 RMSE  9.992e-02  RMSE  1.148e-01  
97      3.1e-05 RMSE  9.992e-02  RMSE  1.148e-01  
98      3.1e-05 RMSE  9.992e-02  RMSE  1.148e-01  
99      3.1e-05 RMSE  9.992e-02  RMSE  1.148e-01  
100     3.1e-05 RMSE  9.992e-02  RMSE  1.148e-01  
101     3.1e-05 RMSE  9.992e-02  RMSE  1.148e-01  
102     3.1e-05 RMSE  9.992e-02  RMSE  1.148e-01  
103     3.1e-05 RMSE  9.992e-02  RMSE  1.148e-01  
104     3.1e-05 RMSE  9.992e-02  RMSE  1.148e-01  
105     3.1e-05 RMSE  9.992e-02  RMSE  1.148e-01  
106     3.1e-05 RMSE  9.992e-02  RMSE  1.148e-01  
107     3.1e-05 RMSE  9.992e-02  RMSE  1.148e-01  
108     3.1e-05 RMSE  9.992e-02  RMSE  1.148e-01  
109     3.1e-05 RMSE  9.992e-02  RMSE  1.148e-01  
110     3.1e-05 RMSE  9.992e-02  RMSE  1.148e-01  
111     3.1e-05 RMSE  9.992e-02  RMSE  1.148e-01  
112     3.1e-05 RMSE  9.992e-02  RMSE  1.148e-01  
113     3.1e-05 RMSE  9.992e-02  RMSE  1.148e-01  
114     3.1e-05 RMSE  9.992e-02  RMSE  1.148e-01  
115     3.1e-05 RMSE  9.992e-02  RMSE  1.148e-01  
116     3.1e-05 RMSE  9.992e-02  RMSE  1.148e-01  
117     3.1e-05 RMSE  9.992e-02  RMSE  1.148e-01  
118     3.1e-05 RMSE  9.991e-02  RMSE  1.148e-01  
119     3.1e-05 RMSE  9.991e-02  RMSE  1.148e-01  
120     3.1e-05 RMSE  9.991e-02  RMSE  1.148e-01  
121     3.1e-05 RMSE  9.991e-02  RMSE  1.148e-01  
122     3.1e-05 RMSE  9.991e-02  RMSE  1.148e-01  
123     3.1e-05 RMSE  9.991e-02  RMSE  1.148e-01  
124     3.1e-05 RMSE  9.991e-02  RMSE  1.148e-01  
125     3.1e-05 RMSE  9.991e-02  RMSE  1.148e-01  
126     3.1e-05 RMSE  9.991e-02  RMSE  1.148e-01  
127     3.1e-05 RMSE  9.991e-02  RMSE  1.148e-01  
128     3.1e-05 RMSE  9.991e-02  RMSE  1.148e-01  
129     3.1e-05 RMSE  9.991e-02  RMSE  1.148e-01  
130     3.1e-05 RMSE  9.991e-02  RMSE  1.148e-01  
131     3.1e-05 RMSE  9.991e-02  RMSE  1.148e-01  
132     3.1e-05 RMSE  9.991e-02  RMSE  1.148e-01  
133     3.1e-05 RMSE  9.991e-02  RMSE  1.148e-01  
134     3.1e-05 RMSE  9.991e-02  RMSE  1.148e-01  
135     3.1e-05 RMSE  9.991e-02  RMSE  1.148e-01  
136     3.1e-05 RMSE  9.991e-02  RMSE  1.148e-01  
137     3.1e-05 RMSE  9.991e-02  RMSE  1.148e-01  
138     3.1e-05 RMSE  9.991e-02  RMSE  1.148e-01  
139     3.1e-05 RMSE  9.991e-02  RMSE  1.148e-01  
140     3.1e-05 RMSE  9.991e-02  RMSE  1.148e-01  
141     3.1e-05 RMSE  9.991e-02  RMSE  1.148e-01  
142     3.1e-05 RMSE  9.991e-02  RMSE  1.148e-01  
143     3.1e-05 RMSE  9.991e-02  RMSE  1.148e-01  
144     3.1e-05 RMSE  9.991e-02  RMSE  1.148e-01  
145     3.1e-05 RMSE  9.991e-02  RMSE  1.148e-01  
146     3.1e-05 RMSE  9.990e-02  RMSE  1.148e-01  
147     3.1e-05 RMSE  9.990e-02  RMSE  1.148e-01  
148     3.1e-05 RMSE  9.990e-02  RMSE  1.148e-01  
149     3.1e-05 RMSE  9.990e-02  RMSE  1.148e-01  
150     3.1e-05 RMSE  9.990e-02  RMSE  1.148e-01  
151     3.1e-05 RMSE  9.990e-02  RMSE  1.148e-01  
152     3.1e-05 RMSE  9.990e-02  RMSE  1.148e-01  
153     3.1e-05 RMSE  9.990e-02  RMSE  1.148e-01  
154     3.1e-05 RMSE  9.990e-02  RMSE  1.148e-01  
155     3.1e-05 RMSE  9.990e-02  RMSE  1.148e-01  
156     3.1e-05 RMSE  9.990e-02  RMSE  1.148e-01  
157     3.1e-05 RMSE  9.990e-02  RMSE  1.148e-01  
158     3.1e-05 RMSE  9.990e-02  RMSE  1.148e-01  
159     3.1e-05 RMSE  9.990e-02  RMSE  1.148e-01  
160     3.1e-05 RMSE  9.990e-02  RMSE  1.148e-01  
161     3.1e-05 RMSE  9.990e-02  RMSE  1.148e-01  
162     3.1e-05 RMSE  9.990e-02  RMSE  1.148e-01  
163     3.1e-05 RMSE  9.990e-02  RMSE  1.148e-01  
164     3.1e-05 RMSE  9.990e-02  RMSE  1.148e-01  
165     3.1e-05 RMSE  9.990e-02  RMSE  1.148e-01  
166     3.1e-05 RMSE  9.990e-02  RMSE  1.148e-01  
167     3.1e-05 RMSE  9.990e-02  RMSE  1.148e-01  
168     3.1e-05 RMSE  9.990e-02  RMSE  1.148e-01  
169     3.1e-05 RMSE  9.990e-02  RMSE  1.148e-01  
170     3.1e-05 RMSE  9.990e-02  RMSE  1.148e-01  
171     3.1e-05 RMSE  9.990e-02  RMSE  1.148e-01  
172     3.1e-05 RMSE  9.990e-02  RMSE  1.148e-01  
173     3.1e-05 RMSE  9.990e-02  RMSE  1.148e-01  
174     3.1e-05 RMSE  9.989e-02  RMSE  1.148e-01  
175     3.1e-05 RMSE  9.989e-02  RMSE  1.148e-01  
176     3.1e-05 RMSE  9.989e-02  RMSE  1.148e-01  
177     3.1e-05 RMSE  9.989e-02  RMSE  1.148e-01  
178     3.1e-05 RMSE  9.989e-02  RMSE  1.148e-01  
179     3.1e-05 RMSE  9.989e-02  RMSE  1.148e-01  
180     3.1e-05 RMSE  9.989e-02  RMSE  1.148e-01  
181     3.1e-05 RMSE  9.989e-02  RMSE  1.148e-01  
182     3.1e-05 RMSE  9.989e-02  RMSE  1.148e-01  
183     3.1e-05 RMSE  9.989e-02  RMSE  1.148e-01  
184     3.1e-05 RMSE  9.989e-02  RMSE  1.148e-01  
185     3.1e-05 RMSE  9.989e-02  RMSE  1.148e-01  
186     3.1e-05 RMSE  9.989e-02  RMSE  1.148e-01  
187     3.1e-05 RMSE  9.989e-02  RMSE  1.148e-01  
188     3.1e-05 RMSE  9.989e-02  RMSE  1.148e-01  
189     3.1e-05 RMSE  9.989e-02  RMSE  1.148e-01  
190     3.1e-05 RMSE  9.989e-02  RMSE  1.148e-01  
191     3.1e-05 RMSE  9.989e-02  RMSE  1.148e-01  
192     3.1e-05 RMSE  9.989e-02  RMSE  1.148e-01  
193     3.1e-05 RMSE  9.989e-02  RMSE  1.148e-01  
194     3.1e-05 RMSE  9.989e-02  RMSE  1.148e-01  
195     3.1e-05 RMSE  9.989e-02  RMSE  1.148e-01  
196     3.1e-05 RMSE  9.989e-02  RMSE  1.148e-01  
197     3.1e-05 RMSE  9.989e-02  RMSE  1.148e-01  
198     3.1e-05 RMSE  9.989e-02  RMSE  1.148e-01  
199     3.1e-05 RMSE  9.989e-02  RMSE  1.148e-01  
200     3.1e-05 RMSE  9.989e-02  RMSE  1.148e-01  
201     3.1e-05 RMSE  9.989e-02  RMSE  1.148e-01  
202     3.1e-05 RMSE  9.988e-02  RMSE  1.148e-01  
203     3.1e-05 RMSE  9.988e-02  RMSE  1.148e-01  
204     3.1e-05 RMSE  9.988e-02  RMSE  1.148e-01  
205     3.1e-05 RMSE  9.988e-02  RMSE  1.148e-01  
206     3.1e-05 RMSE  9.988e-02  RMSE  1.148e-01  
207     3.1e-05 RMSE  9.988e-02  RMSE  1.148e-01  
208     3.1e-05 RMSE  9.988e-02  RMSE  1.148e-01  
209     3.1e-05 RMSE  9.988e-02  RMSE  1.148e-01  
210     3.1e-05 RMSE  9.988e-02  RMSE  1.148e-01  
211     3.1e-05 RMSE  9.988e-02  RMSE  1.148e-01  
212     3.1e-05 RMSE  9.988e-02  RMSE  1.148e-01  
213     3.1e-05 RMSE  9.988e-02  RMSE  1.148e-01  
214     3.1e-05 RMSE  9.988e-02  RMSE  1.148e-01  
215     3.1e-05 RMSE  9.988e-02  RMSE  1.148e-01  
216     3.1e-05 RMSE  9.988e-02  RMSE  1.148e-01  
217     3.1e-05 RMSE  9.988e-02  RMSE  1.148e-01  
218     3.1e-05 RMSE  9.988e-02  RMSE  1.148e-01  
219     3.1e-05 RMSE  9.988e-02  RMSE  1.148e-01  
220     3.1e-05 RMSE  9.988e-02  RMSE  1.148e-01  
221     3.1e-05 RMSE  9.988e-02  RMSE  1.148e-01  
222     3.1e-05 RMSE  9.988e-02  RMSE  1.148e-01  
223     3.1e-05 RMSE  9.988e-02  RMSE  1.148e-01  
224     3.1e-05 RMSE  9.988e-02  RMSE  1.148e-01  
225     3.1e-05 RMSE  9.988e-02  RMSE  1.148e-01  
226     3.1e-05 RMSE  9.988e-02  RMSE  1.148e-01  
227     3.1e-05 RMSE  9.988e-02  RMSE  1.148e-01  
228     3.1e-05 RMSE  9.988e-02  RMSE  1.148e-01  
229     3.1e-05 RMSE  9.988e-02  RMSE  1.148e-01  
230     3.1e-05 RMSE  9.987e-02  RMSE  1.148e-01  
231     3.1e-05 RMSE  9.987e-02  RMSE  1.148e-01  
232     3.1e-05 RMSE  9.987e-02  RMSE  1.148e-01  
233     3.1e-05 RMSE  9.987e-02  RMSE  1.148e-01  
234     3.1e-05 RMSE  9.987e-02  RMSE  1.148e-01  
235     3.1e-05 RMSE  9.987e-02  RMSE  1.148e-01  
236     3.1e-05 RMSE  9.987e-02  RMSE  1.148e-01  
237     3.1e-05 RMSE  9.987e-02  RMSE  1.148e-01  
238     3.1e-05 RMSE  9.987e-02  RMSE  1.148e-01  
239     3.1e-05 RMSE  9.987e-02  RMSE  1.148e-01  
240     3.1e-05 RMSE  9.987e-02  RMSE  1.148e-01  
241     3.1e-05 RMSE  9.987e-02  RMSE  1.148e-01  
242     3.1e-05 RMSE  9.987e-02  RMSE  1.148e-01  
243     3.1e-05 RMSE  9.987e-02  RMSE  1.148e-01  
244     3.1e-05 RMSE  9.987e-02  RMSE  1.148e-01  
245     3.1e-05 RMSE  9.987e-02  RMSE  1.148e-01  
246     3.1e-05 RMSE  9.987e-02  RMSE  1.147e-01  
247     3.1e-05 RMSE  9.987e-02  RMSE  1.147e-01  
248     3.1e-05 RMSE  9.987e-02  RMSE  1.147e-01  
249     3.1e-05 RMSE  9.987e-02  RMSE  1.147e-01  
250     3.1e-05 RMSE  9.987e-02  RMSE  1.147e-01  
251     3.1e-05 RMSE  9.987e-02  RMSE  1.147e-01  
252     3.1e-05 RMSE  9.987e-02  RMSE  1.147e-01  
253     3.1e-05 RMSE  9.987e-02  RMSE  1.147e-01  
254     3.1e-05 RMSE  9.987e-02  RMSE  1.147e-01  
255     3.1e-05 RMSE  9.987e-02  RMSE  1.147e-01  
256     3.1e-05 RMSE  9.987e-02  RMSE  1.147e-01  
257     3.1e-05 RMSE  9.986e-02  RMSE  1.147e-01  
258     3.1e-05 RMSE  9.986e-02  RMSE  1.147e-01  
259     3.1e-05 RMSE  9.986e-02  RMSE  1.147e-01  
260     3.1e-05 RMSE  9.986e-02  RMSE  1.147e-01  
261     3.1e-05 RMSE  9.986e-02  RMSE  1.147e-01  
262     3.1e-05 RMSE  9.986e-02  RMSE  1.147e-01  
263     3.1e-05 RMSE  9.986e-02  RMSE  1.147e-01  
264     3.1e-05 RMSE  9.986e-02  RMSE  1.147e-01  
265     3.1e-05 RMSE  9.986e-02  RMSE  1.147e-01  
266     3.1e-05 RMSE  9.986e-02  RMSE  1.147e-01  
267     3.1e-05 RMSE  9.986e-02  RMSE  1.147e-01  
268     3.1e-05 RMSE  9.986e-02  RMSE  1.147e-01  
269     3.1e-05 RMSE  9.986e-02  RMSE  1.147e-01  
270     3.1e-05 RMSE  9.986e-02  RMSE  1.147e-01  
271     3.1e-05 RMSE  9.986e-02  RMSE  1.147e-01  
272     3.1e-05 RMSE  9.986e-02  RMSE  1.147e-01  
273     3.1e-05 RMSE  9.986e-02  RMSE  1.147e-01  
274     3.1e-05 RMSE  9.986e-02  RMSE  1.147e-01  
275     3.1e-05 RMSE  9.986e-02  RMSE  1.147e-01  
276     3.1e-05 RMSE  9.986e-02  RMSE  1.147e-01  
277     3.1e-05 RMSE  9.986e-02  RMSE  1.147e-01  
278     3.1e-05 RMSE  9.986e-02  RMSE  1.147e-01  
279     3.1e-05 RMSE  9.986e-02  RMSE  1.147e-01  
280     3.1e-05 RMSE  9.986e-02  RMSE  1.147e-01  
281     3.1e-05 RMSE  9.986e-02  RMSE  1.147e-01  
282     3.1e-05 RMSE  9.986e-02  RMSE  1.147e-01  
283     3.1e-05 RMSE  9.985e-02  RMSE  1.147e-01  
284     3.1e-05 RMSE  9.985e-02  RMSE  1.147e-01  
285     3.1e-05 RMSE  9.985e-02  RMSE  1.147e-01  
286     3.1e-05 RMSE  9.985e-02  RMSE  1.147e-01  
287     3.1e-05 RMSE  9.985e-02  RMSE  1.147e-01  
288     3.1e-05 RMSE  9.985e-02  RMSE  1.147e-01  
289     3.1e-05 RMSE  9.985e-02  RMSE  1.147e-01  
290     3.1e-05 RMSE  9.985e-02  RMSE  1.147e-01  
291     3.1e-05 RMSE  9.985e-02  RMSE  1.147e-01  
292     3.1e-05 RMSE  9.985e-02  RMSE  1.147e-01  
293     3.1e-05 RMSE  9.985e-02  RMSE  1.147e-01  
294     3.1e-05 RMSE  9.985e-02  RMSE  1.147e-01  
295     3.1e-05 RMSE  9.985e-02  RMSE  1.147e-01  
296     3.1e-05 RMSE  9.985e-02  RMSE  1.147e-01  
297     3.1e-05 RMSE  9.985e-02  RMSE  1.147e-01  
298     3.1e-05 RMSE  9.985e-02  RMSE  1.147e-01  
299     3.1e-05 RMSE  9.985e-02  RMSE  1.147e-01  
300     3.1e-05 RMSE  9.985e-02  RMSE  1.147e-01  
301     3.1e-05 RMSE  9.985e-02  RMSE  1.147e-01  
302     3.1e-05 RMSE  9.985e-02  RMSE  1.147e-01  
303     3.1e-05 RMSE  9.985e-02  RMSE  1.147e-01  
304     3.1e-05 RMSE  9.985e-02  RMSE  1.147e-01  
305     3.1e-05 RMSE  9.985e-02  RMSE  1.147e-01  
306     3.1e-05 RMSE  9.985e-02  RMSE  1.147e-01  
307     3.1e-05 RMSE  9.985e-02  RMSE  1.147e-01  
308     3.1e-05 RMSE  9.985e-02  RMSE  1.147e-01  
309     3.1e-05 RMSE  9.985e-02  RMSE  1.147e-01  
310     3.1e-05 RMSE  9.984e-02  RMSE  1.147e-01  
311     3.1e-05 RMSE  9.984e-02  RMSE  1.147e-01  
312     3.1e-05 RMSE  9.984e-02  RMSE  1.147e-01  
313     3.1e-05 RMSE  9.984e-02  RMSE  1.147e-01  
314     3.1e-05 RMSE  9.984e-02  RMSE  1.147e-01  
315     3.1e-05 RMSE  9.984e-02  RMSE  1.147e-01  
316     3.1e-05 RMSE  9.984e-02  RMSE  1.147e-01  
317     3.1e-05 RMSE  9.984e-02  RMSE  1.147e-01  
318     3.1e-05 RMSE  9.984e-02  RMSE  1.147e-01  
319     3.1e-05 RMSE  9.984e-02  RMSE  1.147e-01  
320     3.1e-05 RMSE  9.984e-02  RMSE  1.147e-01  
321     3.1e-05 RMSE  9.984e-02  RMSE  1.147e-01  
322     3.1e-05 RMSE  9.984e-02  RMSE  1.147e-01  
323     3.1e-05 RMSE  9.984e-02  RMSE  1.147e-01  
324     3.1e-05 RMSE  9.984e-02  RMSE  1.147e-01  
325     3.1e-05 RMSE  9.984e-02  RMSE  1.147e-01  
326     3.1e-05 RMSE  9.984e-02  RMSE  1.147e-01  
327     3.1e-05 RMSE  9.984e-02  RMSE  1.147e-01  
328     3.1e-05 RMSE  9.984e-02  RMSE  1.147e-01  
329     3.1e-05 RMSE  9.984e-02  RMSE  1.147e-01  
330     3.1e-05 RMSE  9.984e-02  RMSE  1.147e-01  
331     3.1e-05 RMSE  9.984e-02  RMSE  1.147e-01  
332     3.1e-05 RMSE  9.984e-02  RMSE  1.147e-01  
333     3.1e-05 RMSE  9.984e-02  RMSE  1.147e-01  
334     3.1e-05 RMSE  9.984e-02  RMSE  1.147e-01  
335     3.1e-05 RMSE  9.984e-02  RMSE  1.147e-01  
336     3.1e-05 RMSE  9.983e-02  RMSE  1.147e-01  
337     3.1e-05 RMSE  9.983e-02  RMSE  1.147e-01  
338     3.1e-05 RMSE  9.983e-02  RMSE  1.147e-01  
339     3.1e-05 RMSE  9.983e-02  RMSE  1.147e-01  
340     3.1e-05 RMSE  9.983e-02  RMSE  1.147e-01  
341     3.1e-05 RMSE  9.983e-02  RMSE  1.147e-01  
342     3.1e-05 RMSE  9.983e-02  RMSE  1.147e-01  
343     3.1e-05 RMSE  9.983e-02  RMSE  1.147e-01  
344     3.1e-05 RMSE  9.983e-02  RMSE  1.147e-01  
345     3.1e-05 RMSE  9.983e-02  RMSE  1.147e-01  
346     3.1e-05 RMSE  9.983e-02  RMSE  1.147e-01  
347     3.1e-05 RMSE  9.983e-02  RMSE  1.147e-01  
348     3.1e-05 RMSE  9.983e-02  RMSE  1.147e-01  
349     3.1e-05 RMSE  9.983e-02  RMSE  1.147e-01  
350     3.1e-05 RMSE  9.983e-02  RMSE  1.147e-01  
351     3.1e-05 RMSE  9.983e-02  RMSE  1.147e-01  
352     3.1e-05 RMSE  9.983e-02  RMSE  1.147e-01  
353     3.1e-05 RMSE  9.983e-02  RMSE  1.147e-01  
354     3.1e-05 RMSE  9.983e-02  RMSE  1.147e-01  
355     3.1e-05 RMSE  9.983e-02  RMSE  1.147e-01  
356     3.1e-05 RMSE  9.983e-02  RMSE  1.147e-01  
357     3.1e-05 RMSE  9.983e-02  RMSE  1.147e-01  
358     3.1e-05 RMSE  9.983e-02  RMSE  1.147e-01  
359     3.1e-05 RMSE  9.983e-02  RMSE  1.147e-01  
360     3.1e-05 RMSE  9.983e-02  RMSE  1.147e-01  
361     3.1e-05 RMSE  9.983e-02  RMSE  1.147e-01  
362     3.1e-05 RMSE  9.982e-02  RMSE  1.147e-01  
363     3.1e-05 RMSE  9.982e-02  RMSE  1.147e-01  
364     3.1e-05 RMSE  9.982e-02  RMSE  1.147e-01  
365     3.1e-05 RMSE  9.982e-02  RMSE  1.147e-01  
366     3.1e-05 RMSE  9.982e-02  RMSE  1.147e-01  
367     3.1e-05 RMSE  9.982e-02  RMSE  1.147e-01  
368     3.1e-05 RMSE  9.982e-02  RMSE  1.147e-01  
369     3.1e-05 RMSE  9.982e-02  RMSE  1.147e-01  
370     3.1e-05 RMSE  9.982e-02  RMSE  1.147e-01  
371     3.1e-05 RMSE  9.982e-02  RMSE  1.147e-01  
372     3.1e-05 RMSE  9.982e-02  RMSE  1.147e-01  
373     3.1e-05 RMSE  9.982e-02  RMSE  1.147e-01  
374     3.1e-05 RMSE  9.982e-02  RMSE  1.147e-01  
375     3.1e-05 RMSE  9.982e-02  RMSE  1.147e-01  
376     3.1e-05 RMSE  9.982e-02  RMSE  1.147e-01  
377     3.1e-05 RMSE  9.982e-02  RMSE  1.147e-01  
378     3.1e-05 RMSE  9.982e-02  RMSE  1.147e-01  
379     3.1e-05 RMSE  9.982e-02  RMSE  1.147e-01  
380     3.1e-05 RMSE  9.982e-02  RMSE  1.147e-01  
381     3.1e-05 RMSE  9.982e-02  RMSE  1.147e-01  
382     3.1e-05 RMSE  9.982e-02  RMSE  1.147e-01  
383     3.1e-05 RMSE  9.982e-02  RMSE  1.147e-01  
384     3.1e-05 RMSE  9.982e-02  RMSE  1.147e-01  
385     3.1e-05 RMSE  9.982e-02  RMSE  1.147e-01  
386     3.1e-05 RMSE  9.982e-02  RMSE  1.147e-01  
387     3.1e-05 RMSE  9.982e-02  RMSE  1.147e-01  
388     3.1e-05 RMSE  9.981e-02  RMSE  1.147e-01  
389     3.1e-05 RMSE  9.981e-02  RMSE  1.147e-01  
390     3.1e-05 RMSE  9.981e-02  RMSE  1.147e-01  
391     3.1e-05 RMSE  9.981e-02  RMSE  1.147e-01  
392     3.1e-05 RMSE  9.981e-02  RMSE  1.147e-01  
393     3.1e-05 RMSE  9.981e-02  RMSE  1.147e-01  
394     3.1e-05 RMSE  9.981e-02  RMSE  1.147e-01  
395     3.1e-05 RMSE  9.981e-02  RMSE  1.147e-01  
396     3.1e-05 RMSE  9.981e-02  RMSE  1.147e-01  
397     3.1e-05 RMSE  9.981e-02  RMSE  1.147e-01  
398     3.1e-05 RMSE  9.981e-02  RMSE  1.147e-01  
399     3.1e-05 RMSE  9.981e-02  RMSE  1.147e-01  
400     3.1e-05 RMSE  9.981e-02  RMSE  1.147e-01  
401     3.1e-05 RMSE  9.981e-02  RMSE  1.147e-01  
402     3.1e-05 RMSE  9.981e-02  RMSE  1.147e-01  
403     3.1e-05 RMSE  9.981e-02  RMSE  1.147e-01  
404     3.1e-05 RMSE  9.981e-02  RMSE  1.147e-01  
405     3.1e-05 RMSE  9.981e-02  RMSE  1.147e-01  
406     3.1e-05 RMSE  9.981e-02  RMSE  1.147e-01  
407     3.1e-05 RMSE  9.981e-02  RMSE  1.147e-01  
408     3.1e-05 RMSE  9.981e-02  RMSE  1.147e-01  
409     3.1e-05 RMSE  9.981e-02  RMSE  1.147e-01  
410     3.1e-05 RMSE  9.981e-02  RMSE  1.147e-01  
411     3.1e-05 RMSE  9.981e-02  RMSE  1.147e-01  
412     3.1e-05 RMSE  9.981e-02  RMSE  1.147e-01  
413     3.1e-05 RMSE  9.980e-02  RMSE  1.147e-01  
414     3.1e-05 RMSE  9.980e-02  RMSE  1.147e-01  
415     3.1e-05 RMSE  9.980e-02  RMSE  1.147e-01  
416     3.1e-05 RMSE  9.980e-02  RMSE  1.147e-01  
417     3.1e-05 RMSE  9.980e-02  RMSE  1.147e-01  
418     3.1e-05 RMSE  9.980e-02  RMSE  1.147e-01  
419     3.1e-05 RMSE  9.980e-02  RMSE  1.147e-01  
420     3.1e-05 RMSE  9.980e-02  RMSE  1.147e-01  
421     3.1e-05 RMSE  9.980e-02  RMSE  1.147e-01  
422     3.1e-05 RMSE  9.980e-02  RMSE  1.147e-01  
423     3.1e-05 RMSE  9.980e-02  RMSE  1.147e-01  
424     3.1e-05 RMSE  9.980e-02  RMSE  1.147e-01  
425     3.1e-05 RMSE  9.980e-02  RMSE  1.147e-01  
426     3.1e-05 RMSE  9.980e-02  RMSE  1.147e-01  
427     3.1e-05 RMSE  9.980e-02  RMSE  1.147e-01  
428     3.1e-05 RMSE  9.980e-02  RMSE  1.147e-01  
429     3.1e-05 RMSE  9.980e-02  RMSE  1.147e-01  
430     3.1e-05 RMSE  9.980e-02  RMSE  1.147e-01  
431     3.1e-05 RMSE  9.980e-02  RMSE  1.147e-01  
432     3.1e-05 RMSE  9.980e-02  RMSE  1.147e-01  
433     3.1e-05 RMSE  9.980e-02  RMSE  1.147e-01  
434     3.1e-05 RMSE  9.980e-02  RMSE  1.147e-01  
435     3.1e-05 RMSE  9.980e-02  RMSE  1.147e-01  
436     3.1e-05 RMSE  9.980e-02  RMSE  1.147e-01  
437     3.1e-05 RMSE  9.980e-02  RMSE  1.147e-01  
438     3.1e-05 RMSE  9.980e-02  RMSE  1.147e-01  
439     3.1e-05 RMSE  9.980e-02  RMSE  1.147e-01  
440     3.1e-05 RMSE  9.979e-02  RMSE  1.147e-01  
441     3.1e-05 RMSE  9.980e-02  RMSE  1.147e-01  
442     3.1e-05 RMSE  9.980e-02  RMSE  1.147e-01  
443     3.1e-05 RMSE  9.980e-02  RMSE  1.147e-01  
444     3.1e-05 RMSE  9.980e-02  RMSE  1.147e-01  
445     3.1e-05 RMSE  9.980e-02  RMSE  1.147e-01  
446     3.1e-05 RMSE  9.981e-02  RMSE  1.147e-01  
447     3.1e-05 RMSE  9.981e-02  RMSE  1.147e-01  
448     3.1e-05 RMSE  9.983e-02  RMSE  1.147e-01  
449     3.1e-05 RMSE  9.985e-02  RMSE  1.148e-01  
450     3.1e-05 RMSE  9.989e-02  RMSE  1.148e-01  
451     3.1e-05 RMSE  9.995e-02  RMSE  1.149e-01  
452     3.1e-05 RMSE  1.000e-01  RMSE  1.150e-01  
453     3.1e-05 RMSE  1.002e-01  RMSE  1.152e-01  
454     3.1e-05 RMSE  1.004e-01  RMSE  1.154e-01  
455     3.1e-05 RMSE  1.007e-01  RMSE  1.156e-01  
456     3.1e-05 RMSE  1.009e-01  RMSE  1.157e-01  
457     3.1e-05 RMSE  1.010e-01  RMSE  1.156e-01  
458     3.1e-05 RMSE  1.009e-01  RMSE  1.152e-01  
459     3.1e-05 RMSE  1.005e-01  RMSE  1.149e-01  
460     3.1e-05 RMSE  1.000e-01  RMSE  1.147e-01  
461     3.1e-05 RMSE  9.979e-02  RMSE  1.148e-01  
462     3.1e-05 RMSE  9.990e-02  RMSE  1.150e-01  
463     3.1e-05 RMSE  1.002e-01  RMSE  1.151e-01  
464     3.1e-05 RMSE  1.003e-01  RMSE  1.150e-01  
465     3.1e-05 RMSE  1.002e-01  RMSE  1.148e-01  
466     3.1e-05 RMSE  9.997e-02  RMSE  1.147e-01  
467     3.1e-05 RMSE  9.980e-02  RMSE  1.147e-01  
468     3.1e-05 RMSE  9.982e-02  RMSE  1.148e-01  
469     3.1e-05 RMSE  9.997e-02  RMSE  1.149e-01  
470     3.1e-05 RMSE  1.001e-01  RMSE  1.148e-01  
471     3.1e-05 RMSE  1.000e-01  RMSE  1.147e-01  
472     3.1e-05 RMSE  9.986e-02  RMSE  1.147e-01  
473     3.1e-05 RMSE  9.978e-02  RMSE  1.147e-01  
474     3.1e-05 RMSE  9.982e-02  RMSE  1.148e-01  
475     3.1e-05 RMSE  9.990e-02  RMSE  1.148e-01  
476     3.1e-05 RMSE  9.993e-02  RMSE  1.147e-01  
477     3.1e-05 RMSE  9.988e-02  RMSE  1.147e-01  
478     3.1e-05 RMSE  9.980e-02  RMSE  1.147e-01  
479     3.1e-05 RMSE  9.978e-02  RMSE  1.147e-01  
480     3.1e-05 RMSE  9.982e-02  RMSE  1.147e-01  
481     3.1e-05 RMSE  9.986e-02  RMSE  1.147e-01  
482     3.1e-05 RMSE  9.986e-02  RMSE  1.147e-01  
483     3.1e-05 RMSE  9.982e-02  RMSE  1.147e-01  
484     3.1e-05 RMSE  9.978e-02  RMSE  1.147e-01  
485     3.1e-05 RMSE  9.978e-02  RMSE  1.147e-01  
486     3.1e-05 RMSE  9.981e-02  RMSE  1.147e-01  
487     3.1e-05 RMSE  9.982e-02  RMSE  1.147e-01  
488     3.1e-05 RMSE  9.981e-02  RMSE  1.147e-01  
489     3.1e-05 RMSE  9.979e-02  RMSE  1.147e-01  
490     3.1e-05 RMSE  9.978e-02  RMSE  1.147e-01  
491     3.1e-05 RMSE  9.978e-02  RMSE  1.147e-01  
492     3.1e-05 RMSE  9.980e-02  RMSE  1.147e-01  
493     3.1e-05 RMSE  9.980e-02  RMSE  1.147e-01  
494     3.1e-05 RMSE  9.979e-02  RMSE  1.147e-01  
495     3.1e-05 RMSE  9.978e-02  RMSE  1.147e-01  
496     3.1e-05 RMSE  9.977e-02  RMSE  1.147e-01  
497     3.1e-05 RMSE  9.978e-02  RMSE  1.147e-01  
498     3.1e-05 RMSE  9.979e-02  RMSE  1.147e-01  
499     3.1e-05 RMSE  9.979e-02  RMSE  1.147e-01  
500     3.1e-05 RMSE  9.978e-02  RMSE  1.147e-01  
501     3.1e-05 RMSE  9.977e-02  RMSE  1.146e-01  
502     3.1e-05 RMSE  9.977e-02  RMSE  1.147e-01  
503     3.1e-05 RMSE  9.977e-02  RMSE  1.147e-01  
504     3.1e-05 RMSE  9.978e-02  RMSE  1.147e-01  
505     3.1e-05 RMSE  9.978e-02  RMSE  1.147e-01  
506     3.1e-05 RMSE  9.977e-02  RMSE  1.146e-01  
507     3.1e-05 RMSE  9.977e-02  RMSE  1.146e-01  
508     3.1e-05 RMSE  9.977e-02  RMSE  1.146e-01  
509     3.1e-05 RMSE  9.977e-02  RMSE  1.146e-01  
510     3.1e-05 RMSE  9.977e-02  RMSE  1.146e-01  
511     3.1e-05 RMSE  9.977e-02  RMSE  1.146e-01  
512     3.1e-05 RMSE  9.977e-02  RMSE  1.146e-01  
513     3.1e-05 RMSE  9.977e-02  RMSE  1.146e-01  
514     3.1e-05 RMSE  9.977e-02  RMSE  1.146e-01  
515     3.1e-05 RMSE  9.977e-02  RMSE  1.146e-01  
516     3.1e-05 RMSE  9.977e-02  RMSE  1.146e-01  
517     3.1e-05 RMSE  9.977e-02  RMSE  1.146e-01  
518     3.1e-05 RMSE  9.977e-02  RMSE  1.146e-01  
519     3.1e-05 RMSE  9.977e-02  RMSE  1.146e-01  
520     3.1e-05 RMSE  9.976e-02  RMSE  1.146e-01  
521     3.1e-05 RMSE  9.976e-02  RMSE  1.146e-01  
522     3.1e-05 RMSE  9.976e-02  RMSE  1.146e-01  
523     3.1e-05 RMSE  9.976e-02  RMSE  1.146e-01  
524     3.1e-05 RMSE  9.976e-02  RMSE  1.146e-01  
525     3.1e-05 RMSE  9.976e-02  RMSE  1.146e-01  
526     3.1e-05 RMSE  9.976e-02  RMSE  1.146e-01  
527     3.1e-05 RMSE  9.976e-02  RMSE  1.146e-01  
528     3.1e-05 RMSE  9.976e-02  RMSE  1.146e-01  
529     3.1e-05 RMSE  9.976e-02  RMSE  1.146e-01  
530     3.1e-05 RMSE  9.976e-02  RMSE  1.146e-01  
531     3.1e-05 RMSE  9.976e-02  RMSE  1.146e-01  
532     3.1e-05 RMSE  9.976e-02  RMSE  1.146e-01  
533     3.1e-05 RMSE  9.976e-02  RMSE  1.146e-01  
534     3.1e-05 RMSE  9.976e-02  RMSE  1.146e-01  
535     3.1e-05 RMSE  9.976e-02  RMSE  1.146e-01  
536     3.1e-05 RMSE  9.976e-02  RMSE  1.146e-01  
537     3.1e-05 RMSE  9.976e-02  RMSE  1.146e-01  
538     3.1e-05 RMSE  9.976e-02  RMSE  1.146e-01  
539     3.1e-05 RMSE  9.976e-02  RMSE  1.146e-01  
540     3.1e-05 RMSE  9.976e-02  RMSE  1.146e-01  
541     3.1e-05 RMSE  9.976e-02  RMSE  1.146e-01  
542     3.1e-05 RMSE  9.976e-02  RMSE  1.146e-01  
543     3.1e-05 RMSE  9.976e-02  RMSE  1.146e-01  
544     3.1e-05 RMSE  9.976e-02  RMSE  1.146e-01  
545     3.1e-05 RMSE  9.975e-02  RMSE  1.146e-01  
546     3.1e-05 RMSE  9.975e-02  RMSE  1.146e-01  
547     3.1e-05 RMSE  9.975e-02  RMSE  1.146e-01  
548     3.1e-05 RMSE  9.975e-02  RMSE  1.146e-01  
549     3.1e-05 RMSE  9.975e-02  RMSE  1.146e-01  
550     3.1e-05 RMSE  9.975e-02  RMSE  1.146e-01  
551     3.1e-05 RMSE  9.975e-02  RMSE  1.146e-01  
552     3.1e-05 RMSE  9.975e-02  RMSE  1.146e-01  
553     3.1e-05 RMSE  9.975e-02  RMSE  1.146e-01  
554     3.1e-05 RMSE  9.975e-02  RMSE  1.146e-01  
555     3.1e-05 RMSE  9.975e-02  RMSE  1.146e-01  
556     3.1e-05 RMSE  9.975e-02  RMSE  1.146e-01  
557     3.1e-05 RMSE  9.975e-02  RMSE  1.146e-01  
558     3.1e-05 RMSE  9.975e-02  RMSE  1.146e-01  
559     3.1e-05 RMSE  9.975e-02  RMSE  1.146e-01  
560     3.1e-05 RMSE  9.975e-02  RMSE  1.146e-01  
561     3.1e-05 RMSE  9.975e-02  RMSE  1.146e-01  
562     3.1e-05 RMSE  9.975e-02  RMSE  1.146e-01  
563     3.1e-05 RMSE  9.975e-02  RMSE  1.146e-01  
564     3.1e-05 RMSE  9.975e-02  RMSE  1.146e-01  
565     3.1e-05 RMSE  9.975e-02  RMSE  1.146e-01  
566     3.1e-05 RMSE  9.975e-02  RMSE  1.146e-01  
567     3.1e-05 RMSE  9.975e-02  RMSE  1.146e-01  
568     3.1e-05 RMSE  9.975e-02  RMSE  1.146e-01  
569     3.1e-05 RMSE  9.975e-02  RMSE  1.146e-01  
570     3.1e-05 RMSE  9.975e-02  RMSE  1.146e-01  
571     3.1e-05 RMSE  9.975e-02  RMSE  1.146e-01  
572     3.1e-05 RMSE  9.974e-02  RMSE  1.146e-01  
573     3.1e-05 RMSE  9.974e-02  RMSE  1.146e-01  
574     3.1e-05 RMSE  9.974e-02  RMSE  1.146e-01  
575     3.1e-05 RMSE  9.974e-02  RMSE  1.146e-01  
576     3.1e-05 RMSE  9.974e-02  RMSE  1.146e-01  
577     3.1e-05 RMSE  9.974e-02  RMSE  1.146e-01  
578     3.1e-05 RMSE  9.974e-02  RMSE  1.146e-01  
579     3.1e-05 RMSE  9.974e-02  RMSE  1.146e-01  
580     3.1e-05 RMSE  9.974e-02  RMSE  1.146e-01  
581     3.1e-05 RMSE  9.974e-02  RMSE  1.146e-01  
582     3.1e-05 RMSE  9.974e-02  RMSE  1.146e-01  
583     3.1e-05 RMSE  9.974e-02  RMSE  1.146e-01  
584     3.1e-05 RMSE  9.974e-02  RMSE  1.146e-01  
585     3.1e-05 RMSE  9.974e-02  RMSE  1.146e-01  
586     3.1e-05 RMSE  9.974e-02  RMSE  1.146e-01  
587     3.1e-05 RMSE  9.974e-02  RMSE  1.146e-01  
588     3.1e-05 RMSE  9.974e-02  RMSE  1.146e-01  
589     3.1e-05 RMSE  9.974e-02  RMSE  1.146e-01  
590     3.1e-05 RMSE  9.974e-02  RMSE  1.146e-01  
591     3.1e-05 RMSE  9.974e-02  RMSE  1.146e-01  
592     3.1e-05 RMSE  9.974e-02  RMSE  1.146e-01  
593     3.1e-05 RMSE  9.974e-02  RMSE  1.146e-01  
594     3.1e-05 RMSE  9.974e-02  RMSE  1.146e-01  
595     3.1e-05 RMSE  9.974e-02  RMSE  1.146e-01  
596     3.1e-05 RMSE  9.974e-02  RMSE  1.146e-01  
597     3.1e-05 RMSE  9.974e-02  RMSE  1.146e-01  
598     3.1e-05 RMSE  9.973e-02  RMSE  1.146e-01  
599     3.1e-05 RMSE  9.973e-02  RMSE  1.146e-01  
600     3.1e-05 RMSE  9.973e-02  RMSE  1.146e-01  
601     3.1e-05 RMSE  9.973e-02  RMSE  1.146e-01  
602     3.1e-05 RMSE  9.973e-02  RMSE  1.146e-01  
603     3.1e-05 RMSE  9.973e-02  RMSE  1.146e-01  
604     3.1e-05 RMSE  9.973e-02  RMSE  1.146e-01  
605     3.1e-05 RMSE  9.973e-02  RMSE  1.146e-01  
606     3.1e-05 RMSE  9.973e-02  RMSE  1.146e-01  
607     3.1e-05 RMSE  9.973e-02  RMSE  1.146e-01  
608     3.1e-05 RMSE  9.973e-02  RMSE  1.146e-01  
609     3.1e-05 RMSE  9.973e-02  RMSE  1.146e-01  
610     3.1e-05 RMSE  9.973e-02  RMSE  1.146e-01  
611     3.1e-05 RMSE  9.973e-02  RMSE  1.146e-01  
612     3.1e-05 RMSE  9.973e-02  RMSE  1.146e-01  
613     3.1e-05 RMSE  9.973e-02  RMSE  1.146e-01  
614     3.1e-05 RMSE  9.973e-02  RMSE  1.146e-01  
615     3.1e-05 RMSE  9.973e-02  RMSE  1.146e-01  
616     3.1e-05 RMSE  9.973e-02  RMSE  1.146e-01  
617     3.1e-05 RMSE  9.973e-02  RMSE  1.146e-01  
618     3.1e-05 RMSE  9.973e-02  RMSE  1.146e-01  
619     3.1e-05 RMSE  9.973e-02  RMSE  1.146e-01  
620     3.1e-05 RMSE  9.973e-02  RMSE  1.146e-01  
621     3.1e-05 RMSE  9.973e-02  RMSE  1.146e-01  
622     3.1e-05 RMSE  9.973e-02  RMSE  1.146e-01  
623     3.1e-05 RMSE  9.973e-02  RMSE  1.146e-01  
624     3.1e-05 RMSE  9.972e-02  RMSE  1.146e-01  
625     3.1e-05 RMSE  9.972e-02  RMSE  1.146e-01  
626     3.1e-05 RMSE  9.972e-02  RMSE  1.146e-01  
627     3.1e-05 RMSE  9.972e-02  RMSE  1.146e-01  
628     3.1e-05 RMSE  9.972e-02  RMSE  1.146e-01  
629     3.1e-05 RMSE  9.972e-02  RMSE  1.146e-01  
630     3.1e-05 RMSE  9.972e-02  RMSE  1.146e-01  
631     3.1e-05 RMSE  9.972e-02  RMSE  1.146e-01  
632     3.1e-05 RMSE  9.972e-02  RMSE  1.146e-01  
633     3.1e-05 RMSE  9.972e-02  RMSE  1.146e-01  
634     3.1e-05 RMSE  9.972e-02  RMSE  1.146e-01  
635     3.1e-05 RMSE  9.972e-02  RMSE  1.146e-01  
636     3.1e-05 RMSE  9.972e-02  RMSE  1.146e-01  
637     3.1e-05 RMSE  9.972e-02  RMSE  1.146e-01  
638     3.1e-05 RMSE  9.972e-02  RMSE  1.146e-01  
639     3.1e-05 RMSE  9.972e-02  RMSE  1.146e-01  
640     3.1e-05 RMSE  9.972e-02  RMSE  1.146e-01  
641     3.1e-05 RMSE  9.972e-02  RMSE  1.146e-01  
642     3.1e-05 RMSE  9.972e-02  RMSE  1.146e-01  
643     3.1e-05 RMSE  9.972e-02  RMSE  1.146e-01  
644     3.1e-05 RMSE  9.972e-02  RMSE  1.146e-01  
645     3.1e-05 RMSE  9.972e-02  RMSE  1.146e-01  
646     3.1e-05 RMSE  9.972e-02  RMSE  1.146e-01  
647     3.1e-05 RMSE  9.972e-02  RMSE  1.146e-01  
648     3.1e-05 RMSE  9.972e-02  RMSE  1.146e-01  
649     3.1e-05 RMSE  9.971e-02  RMSE  1.146e-01  
650     3.1e-05 RMSE  9.971e-02  RMSE  1.146e-01  
651     3.1e-05 RMSE  9.971e-02  RMSE  1.146e-01  
652     3.1e-05 RMSE  9.971e-02  RMSE  1.146e-01  
653     3.1e-05 RMSE  9.971e-02  RMSE  1.146e-01  
654     3.1e-05 RMSE  9.971e-02  RMSE  1.146e-01  
655     3.1e-05 RMSE  9.971e-02  RMSE  1.146e-01  
656     3.1e-05 RMSE  9.971e-02  RMSE  1.146e-01  
657     3.1e-05 RMSE  9.971e-02  RMSE  1.146e-01  
658     3.1e-05 RMSE  9.971e-02  RMSE  1.146e-01  
659     3.1e-05 RMSE  9.971e-02  RMSE  1.146e-01  
660     3.1e-05 RMSE  9.971e-02  RMSE  1.146e-01  
661     3.1e-05 RMSE  9.971e-02  RMSE  1.146e-01  
662     3.1e-05 RMSE  9.971e-02  RMSE  1.146e-01  
663     3.1e-05 RMSE  9.971e-02  RMSE  1.146e-01  
664     3.1e-05 RMSE  9.971e-02  RMSE  1.146e-01  
665     3.1e-05 RMSE  9.971e-02  RMSE  1.146e-01  
666     3.1e-05 RMSE  9.971e-02  RMSE  1.146e-01  
667     3.1e-05 RMSE  9.971e-02  RMSE  1.146e-01  
668     3.1e-05 RMSE  9.971e-02  RMSE  1.146e-01  
669     3.1e-05 RMSE  9.971e-02  RMSE  1.146e-01  
670     3.1e-05 RMSE  9.971e-02  RMSE  1.146e-01  
671     3.1e-05 RMSE  9.971e-02  RMSE  1.146e-01  
672     3.1e-05 RMSE  9.971e-02  RMSE  1.146e-01  
673     3.1e-05 RMSE  9.971e-02  RMSE  1.146e-01  
674     3.1e-05 RMSE  9.970e-02  RMSE  1.146e-01  
675     3.1e-05 RMSE  9.970e-02  RMSE  1.146e-01  
676     3.1e-05 RMSE  9.970e-02  RMSE  1.146e-01  
677     3.1e-05 RMSE  9.970e-02  RMSE  1.146e-01  
678     3.1e-05 RMSE  9.970e-02  RMSE  1.146e-01  
679     3.1e-05 RMSE  9.970e-02  RMSE  1.146e-01  
680     3.1e-05 RMSE  9.970e-02  RMSE  1.146e-01  
681     3.1e-05 RMSE  9.970e-02  RMSE  1.146e-01  
682     3.1e-05 RMSE  9.970e-02  RMSE  1.146e-01  
683     3.1e-05 RMSE  9.970e-02  RMSE  1.146e-01  
684     3.1e-05 RMSE  9.970e-02  RMSE  1.146e-01  
685     3.1e-05 RMSE  9.970e-02  RMSE  1.146e-01  
686     3.1e-05 RMSE  9.970e-02  RMSE  1.146e-01  
687     3.1e-05 RMSE  9.970e-02  RMSE  1.146e-01  
688     3.1e-05 RMSE  9.970e-02  RMSE  1.146e-01  
689     3.1e-05 RMSE  9.970e-02  RMSE  1.146e-01  
690     3.1e-05 RMSE  9.970e-02  RMSE  1.146e-01  
691     3.1e-05 RMSE  9.970e-02  RMSE  1.146e-01  
692     3.1e-05 RMSE  9.970e-02  RMSE  1.146e-01  
693     3.1e-05 RMSE  9.970e-02  RMSE  1.146e-01  
694     3.1e-05 RMSE  9.970e-02  RMSE  1.146e-01  
695     3.1e-05 RMSE  9.970e-02  RMSE  1.146e-01  
696     3.1e-05 RMSE  9.970e-02  RMSE  1.146e-01  
697     3.1e-05 RMSE  9.970e-02  RMSE  1.146e-01  
698     3.1e-05 RMSE  9.970e-02  RMSE  1.146e-01  
699     3.1e-05 RMSE  9.970e-02  RMSE  1.146e-01  
700     3.1e-05 RMSE  9.969e-02  RMSE  1.146e-01  
701     3.1e-05 RMSE  9.969e-02  RMSE  1.146e-01  
702     3.1e-05 RMSE  9.969e-02  RMSE  1.146e-01  
703     3.1e-05 RMSE  9.969e-02  RMSE  1.146e-01  
704     3.1e-05 RMSE  9.969e-02  RMSE  1.146e-01  
705     3.1e-05 RMSE  9.969e-02  RMSE  1.146e-01  
706     3.1e-05 RMSE  9.969e-02  RMSE  1.146e-01  
707     3.1e-05 RMSE  9.970e-02  RMSE  1.146e-01  
708     3.1e-05 RMSE  9.970e-02  RMSE  1.146e-01  
709     3.1e-05 RMSE  9.971e-02  RMSE  1.146e-01  
710     3.1e-05 RMSE  9.973e-02  RMSE  1.146e-01  
711     3.1e-05 RMSE  9.976e-02  RMSE  1.147e-01  
712     3.1e-05 RMSE  9.982e-02  RMSE  1.148e-01  
713     3.1e-05 RMSE  9.995e-02  RMSE  1.150e-01  
714     3.1e-05 RMSE  1.002e-01  RMSE  1.153e-01  
715     3.1e-05 RMSE  1.006e-01  RMSE  1.159e-01  
716     3.1e-05 RMSE  1.013e-01  RMSE  1.166e-01  
717     3.1e-05 RMSE  1.021e-01  RMSE  1.170e-01  
718     3.1e-05 RMSE  1.026e-01  RMSE  1.165e-01  
719     3.1e-05 RMSE  1.020e-01  RMSE  1.153e-01  
720     3.1e-05 RMSE  1.005e-01  RMSE  1.146e-01  
721     3.1e-05 RMSE  9.969e-02  RMSE  1.150e-01  
722     3.1e-05 RMSE  1.002e-01  RMSE  1.157e-01  
723     3.1e-05 RMSE  1.010e-01  RMSE  1.156e-01  
724     3.1e-05 RMSE  1.009e-01  RMSE  1.148e-01  
725     3.1e-05 RMSE  1.000e-01  RMSE  1.146e-01  
726     3.1e-05 RMSE  9.971e-02  RMSE  1.150e-01  
727     3.1e-05 RMSE  1.002e-01  RMSE  1.152e-01  
728     3.1e-05 RMSE  1.005e-01  RMSE  1.149e-01  
729     3.1e-05 RMSE  1.001e-01  RMSE  1.145e-01  
730     3.1e-05 RMSE  9.969e-02  RMSE  1.147e-01  
731     3.1e-05 RMSE  9.993e-02  RMSE  1.150e-01  
732     3.1e-05 RMSE  1.002e-01  RMSE  1.148e-01  
733     3.1e-05 RMSE  1.000e-01  RMSE  1.146e-01  
734     3.1e-05 RMSE  9.969e-02  RMSE  1.147e-01  
735     3.1e-05 RMSE  9.982e-02  RMSE  1.148e-01  
736     3.1e-05 RMSE  1.000e-01  RMSE  1.147e-01  
737     3.1e-05 RMSE  9.991e-02  RMSE  1.146e-01  
738     3.1e-05 RMSE  9.969e-02  RMSE  1.146e-01  
739     3.1e-05 RMSE  9.976e-02  RMSE  1.148e-01  
740     3.1e-05 RMSE  9.991e-02  RMSE  1.147e-01  
741     3.1e-05 RMSE  9.983e-02  RMSE  1.146e-01  
742     3.1e-05 RMSE  9.969e-02  RMSE  1.146e-01  
743     3.1e-05 RMSE  9.973e-02  RMSE  1.147e-01  
744     3.1e-05 RMSE  9.983e-02  RMSE  1.146e-01  
745     3.1e-05 RMSE  9.978e-02  RMSE  1.145e-01  
746     3.1e-05 RMSE  9.968e-02  RMSE  1.146e-01  
747     3.1e-05 RMSE  9.972e-02  RMSE  1.146e-01  
748     3.1e-05 RMSE  9.978e-02  RMSE  1.146e-01  
749     3.1e-05 RMSE  9.974e-02  RMSE  1.146e-01  
750     3.1e-05 RMSE  9.968e-02  RMSE  1.146e-01  
751     3.1e-05 RMSE  9.970e-02  RMSE  1.146e-01  
752     3.1e-05 RMSE  9.974e-02  RMSE  1.146e-01  
753     3.1e-05 RMSE  9.972e-02  RMSE  1.145e-01  
754     3.1e-05 RMSE  9.968e-02  RMSE  1.146e-01  
755     3.1e-05 RMSE  9.969e-02  RMSE  1.146e-01  
756     3.1e-05 RMSE  9.972e-02  RMSE  1.146e-01  
757     3.1e-05 RMSE  9.970e-02  RMSE  1.145e-01  
758     3.1e-05 RMSE  9.968e-02  RMSE  1.146e-01  
759     3.1e-05 RMSE  9.969e-02  RMSE  1.146e-01  
760     3.1e-05 RMSE  9.970e-02  RMSE  1.146e-01  
761     3.1e-05 RMSE  9.969e-02  RMSE  1.145e-01  
762     3.1e-05 RMSE  9.967e-02  RMSE  1.145e-01  
763     3.1e-05 RMSE  9.968e-02  RMSE  1.146e-01  
764     3.1e-05 RMSE  9.969e-02  RMSE  1.146e-01  
765     3.1e-05 RMSE  9.968e-02  RMSE  1.145e-01  
766     3.1e-05 RMSE  9.967e-02  RMSE  1.146e-01  
767     3.1e-05 RMSE  9.968e-02  RMSE  1.146e-01  
768     3.1e-05 RMSE  9.968e-02  RMSE  1.146e-01  
769     3.1e-05 RMSE  9.968e-02  RMSE  1.145e-01  
770     3.1e-05 RMSE  9.967e-02  RMSE  1.145e-01  
771     3.1e-05 RMSE  9.967e-02  RMSE  1.145e-01  
772     3.1e-05 RMSE  9.968e-02  RMSE  1.145e-01  
773     3.1e-05 RMSE  9.968e-02  RMSE  1.145e-01  
774     3.1e-05 RMSE  9.967e-02  RMSE  1.145e-01  
775     3.1e-05 RMSE  9.967e-02  RMSE  1.145e-01  
776     3.1e-05 RMSE  9.967e-02  RMSE  1.145e-01  
777     3.1e-05 RMSE  9.967e-02  RMSE  1.145e-01  
778     3.1e-05 RMSE  9.967e-02  RMSE  1.145e-01  
779     3.1e-05 RMSE  9.967e-02  RMSE  1.145e-01  
780     3.1e-05 RMSE  9.967e-02  RMSE  1.145e-01  
781     3.1e-05 RMSE  9.967e-02  RMSE  1.145e-01  
782     3.1e-05 RMSE  9.967e-02  RMSE  1.145e-01  
783     3.1e-05 RMSE  9.967e-02  RMSE  1.145e-01  
784     3.1e-05 RMSE  9.967e-02  RMSE  1.145e-01  
785     3.1e-05 RMSE  9.967e-02  RMSE  1.145e-01  
786     3.1e-05 RMSE  9.967e-02  RMSE  1.145e-01  
787     3.1e-05 RMSE  9.966e-02  RMSE  1.145e-01  
788     3.1e-05 RMSE  9.966e-02  RMSE  1.145e-01  
789     3.1e-05 RMSE  9.967e-02  RMSE  1.145e-01  
790     3.1e-05 RMSE  9.966e-02  RMSE  1.145e-01  
791     3.1e-05 RMSE  9.966e-02  RMSE  1.145e-01  
792     3.1e-05 RMSE  9.966e-02  RMSE  1.145e-01  
793     3.1e-05 RMSE  9.966e-02  RMSE  1.145e-01  
794     3.1e-05 RMSE  9.966e-02  RMSE  1.145e-01  
795     3.1e-05 RMSE  9.966e-02  RMSE  1.145e-01  
796     3.1e-05 RMSE  9.966e-02  RMSE  1.145e-01  
797     3.1e-05 RMSE  9.966e-02  RMSE  1.145e-01  
798     3.1e-05 RMSE  9.966e-02  RMSE  1.145e-01  
799     3.1e-05 RMSE  9.966e-02  RMSE  1.145e-01  
800     3.1e-05 RMSE  9.966e-02  RMSE  1.145e-01  
801     3.1e-05 RMSE  9.966e-02  RMSE  1.145e-01  
802     3.1e-05 RMSE  9.966e-02  RMSE  1.145e-01  
803     3.1e-05 RMSE  9.966e-02  RMSE  1.145e-01  
804     3.1e-05 RMSE  9.966e-02  RMSE  1.145e-01  
805     3.1e-05 RMSE  9.966e-02  RMSE  1.145e-01  
806     3.1e-05 RMSE  9.966e-02  RMSE  1.145e-01  
807     3.1e-05 RMSE  9.966e-02  RMSE  1.145e-01  
808     3.1e-05 RMSE  9.966e-02  RMSE  1.145e-01  
809     3.1e-05 RMSE  9.966e-02  RMSE  1.145e-01  
810     3.1e-05 RMSE  9.966e-02  RMSE  1.145e-01  
811     3.1e-05 RMSE  9.966e-02  RMSE  1.145e-01  
812     3.1e-05 RMSE  9.966e-02  RMSE  1.145e-01  
813     3.1e-05 RMSE  9.966e-02  RMSE  1.145e-01  
814     3.1e-05 RMSE  9.966e-02  RMSE  1.145e-01  
815     3.1e-05 RMSE  9.965e-02  RMSE  1.145e-01  
816     3.1e-05 RMSE  9.965e-02  RMSE  1.145e-01  
817     3.1e-05 RMSE  9.965e-02  RMSE  1.145e-01  
818     3.1e-05 RMSE  9.965e-02  RMSE  1.145e-01  
819     3.1e-05 RMSE  9.965e-02  RMSE  1.145e-01  
820     3.1e-05 RMSE  9.965e-02  RMSE  1.145e-01  
821     3.1e-05 RMSE  9.965e-02  RMSE  1.145e-01  
822     3.1e-05 RMSE  9.965e-02  RMSE  1.145e-01  
823     3.1e-05 RMSE  9.965e-02  RMSE  1.145e-01  
824     3.1e-05 RMSE  9.965e-02  RMSE  1.145e-01  
825     3.1e-05 RMSE  9.965e-02  RMSE  1.145e-01  
826     3.1e-05 RMSE  9.965e-02  RMSE  1.145e-01  
827     3.1e-05 RMSE  9.965e-02  RMSE  1.145e-01  
828     3.1e-05 RMSE  9.965e-02  RMSE  1.145e-01  
829     3.1e-05 RMSE  9.965e-02  RMSE  1.145e-01  
830     3.1e-05 RMSE  9.965e-02  RMSE  1.145e-01  
831     3.1e-05 RMSE  9.965e-02  RMSE  1.145e-01  
832     3.1e-05 RMSE  9.965e-02  RMSE  1.145e-01  
833     3.1e-05 RMSE  9.965e-02  RMSE  1.145e-01  
834     3.1e-05 RMSE  9.965e-02  RMSE  1.145e-01  
835     3.1e-05 RMSE  9.965e-02  RMSE  1.145e-01  
836     3.1e-05 RMSE  9.965e-02  RMSE  1.145e-01  
837     3.1e-05 RMSE  9.965e-02  RMSE  1.145e-01  
838     3.1e-05 RMSE  9.965e-02  RMSE  1.145e-01  
839     3.1e-05 RMSE  9.965e-02  RMSE  1.145e-01  
840     3.1e-05 RMSE  9.965e-02  RMSE  1.145e-01  
841     3.1e-05 RMSE  9.965e-02  RMSE  1.145e-01  
842     3.1e-05 RMSE  9.965e-02  RMSE  1.145e-01  
843     3.1e-05 RMSE  9.964e-02  RMSE  1.145e-01  
844     3.1e-05 RMSE  9.964e-02  RMSE  1.145e-01  
845     3.1e-05 RMSE  9.964e-02  RMSE  1.145e-01  
846     3.1e-05 RMSE  9.964e-02  RMSE  1.145e-01  
847     3.1e-05 RMSE  9.964e-02  RMSE  1.145e-01  
848     3.1e-05 RMSE  9.964e-02  RMSE  1.145e-01  
849     3.1e-05 RMSE  9.964e-02  RMSE  1.145e-01  
850     3.1e-05 RMSE  9.964e-02  RMSE  1.145e-01  
851     3.1e-05 RMSE  9.964e-02  RMSE  1.145e-01  
852     3.1e-05 RMSE  9.964e-02  RMSE  1.145e-01  
853     3.1e-05 RMSE  9.964e-02  RMSE  1.145e-01  
854     3.1e-05 RMSE  9.964e-02  RMSE  1.145e-01  
855     3.1e-05 RMSE  9.964e-02  RMSE  1.145e-01  
856     3.1e-05 RMSE  9.964e-02  RMSE  1.145e-01  
857     3.1e-05 RMSE  9.964e-02  RMSE  1.145e-01  
858     3.1e-05 RMSE  9.964e-02  RMSE  1.145e-01  
859     3.1e-05 RMSE  9.964e-02  RMSE  1.145e-01  
860     3.1e-05 RMSE  9.964e-02  RMSE  1.145e-01  
861     3.1e-05 RMSE  9.964e-02  RMSE  1.145e-01  
862     3.1e-05 RMSE  9.964e-02  RMSE  1.145e-01  
863     3.1e-05 RMSE  9.964e-02  RMSE  1.145e-01  
864     3.1e-05 RMSE  9.964e-02  RMSE  1.145e-01  
865     3.1e-05 RMSE  9.964e-02  RMSE  1.145e-01  
866     3.1e-05 RMSE  9.964e-02  RMSE  1.145e-01  
867     3.1e-05 RMSE  9.964e-02  RMSE  1.145e-01  
868     3.1e-05 RMSE  9.964e-02  RMSE  1.145e-01  
869     3.1e-05 RMSE  9.964e-02  RMSE  1.145e-01  
870     3.1e-05 RMSE  9.964e-02  RMSE  1.145e-01  
871     3.1e-05 RMSE  9.963e-02  RMSE  1.145e-01  
872     3.1e-05 RMSE  9.963e-02  RMSE  1.145e-01  
873     3.1e-05 RMSE  9.963e-02  RMSE  1.145e-01  
874     3.1e-05 RMSE  9.963e-02  RMSE  1.145e-01  
875     3.1e-05 RMSE  9.963e-02  RMSE  1.145e-01  
876     3.1e-05 RMSE  9.963e-02  RMSE  1.145e-01  
877     3.1e-05 RMSE  9.963e-02  RMSE  1.145e-01  
878     3.1e-05 RMSE  9.963e-02  RMSE  1.145e-01  
879     3.1e-05 RMSE  9.963e-02  RMSE  1.145e-01  
880     3.1e-05 RMSE  9.963e-02  RMSE  1.145e-01  
881     3.1e-05 RMSE  9.963e-02  RMSE  1.145e-01  
882     3.1e-05 RMSE  9.963e-02  RMSE  1.145e-01  
883     3.1e-05 RMSE  9.963e-02  RMSE  1.145e-01  
884     3.1e-05 RMSE  9.963e-02  RMSE  1.145e-01  
885     3.1e-05 RMSE  9.963e-02  RMSE  1.145e-01  
886     3.1e-05 RMSE  9.963e-02  RMSE  1.145e-01  
887     3.1e-05 RMSE  9.963e-02  RMSE  1.145e-01  
888     3.1e-05 RMSE  9.963e-02  RMSE  1.145e-01  
889     3.1e-05 RMSE  9.963e-02  RMSE  1.145e-01  
890     3.1e-05 RMSE  9.963e-02  RMSE  1.145e-01  
891     3.1e-05 RMSE  9.963e-02  RMSE  1.145e-01  
892     3.1e-05 RMSE  9.963e-02  RMSE  1.145e-01  
893     3.1e-05 RMSE  9.963e-02  RMSE  1.145e-01  
894     3.1e-05 RMSE  9.963e-02  RMSE  1.145e-01  
895     3.1e-05 RMSE  9.963e-02  RMSE  1.145e-01  
896     3.1e-05 RMSE  9.963e-02  RMSE  1.145e-01  
897     3.1e-05 RMSE  9.963e-02  RMSE  1.145e-01  
898     3.1e-05 RMSE  9.963e-02  RMSE  1.145e-01  
899     3.1e-05 RMSE  9.962e-02  RMSE  1.145e-01  
900     3.1e-05 RMSE  9.962e-02  RMSE  1.145e-01  
901     3.1e-05 RMSE  9.962e-02  RMSE  1.145e-01  
902     3.1e-05 RMSE  9.962e-02  RMSE  1.145e-01  
903     3.1e-05 RMSE  9.962e-02  RMSE  1.145e-01  
904     3.1e-05 RMSE  9.962e-02  RMSE  1.145e-01  
905     3.1e-05 RMSE  9.962e-02  RMSE  1.145e-01  
906     3.1e-05 RMSE  9.962e-02  RMSE  1.145e-01  
907     3.1e-05 RMSE  9.962e-02  RMSE  1.145e-01  
908     3.1e-05 RMSE  9.962e-02  RMSE  1.145e-01  
909     3.1e-05 RMSE  9.962e-02  RMSE  1.145e-01  
910     3.1e-05 RMSE  9.962e-02  RMSE  1.145e-01  
911     3.1e-05 RMSE  9.962e-02  RMSE  1.145e-01  
912     3.1e-05 RMSE  9.962e-02  RMSE  1.145e-01  
913     3.1e-05 RMSE  9.962e-02  RMSE  1.145e-01  
914     3.1e-05 RMSE  9.962e-02  RMSE  1.145e-01  
915     3.1e-05 RMSE  9.962e-02  RMSE  1.145e-01  
916     3.1e-05 RMSE  9.962e-02  RMSE  1.145e-01  
917     3.1e-05 RMSE  9.962e-02  RMSE  1.145e-01  
918     3.1e-05 RMSE  9.962e-02  RMSE  1.145e-01  
919     3.1e-05 RMSE  9.962e-02  RMSE  1.145e-01  
920     3.1e-05 RMSE  9.962e-02  RMSE  1.145e-01  
921     3.1e-05 RMSE  9.962e-02  RMSE  1.145e-01  
922     3.1e-05 RMSE  9.962e-02  RMSE  1.145e-01  
923     3.1e-05 RMSE  9.962e-02  RMSE  1.145e-01  
924     3.1e-05 RMSE  9.962e-02  RMSE  1.145e-01  
925     3.1e-05 RMSE  9.962e-02  RMSE  1.145e-01  
926     3.1e-05 RMSE  9.961e-02  RMSE  1.145e-01  
927     3.1e-05 RMSE  9.961e-02  RMSE  1.145e-01  
928     3.1e-05 RMSE  9.961e-02  RMSE  1.145e-01  
929     3.1e-05 RMSE  9.961e-02  RMSE  1.145e-01  
930     3.1e-05 RMSE  9.961e-02  RMSE  1.145e-01  
931     3.1e-05 RMSE  9.961e-02  RMSE  1.145e-01  
932     3.1e-05 RMSE  9.961e-02  RMSE  1.145e-01  
933     3.1e-05 RMSE  9.961e-02  RMSE  1.145e-01  
934     3.1e-05 RMSE  9.961e-02  RMSE  1.145e-01  
935     3.1e-05 RMSE  9.961e-02  RMSE  1.145e-01  
936     3.1e-05 RMSE  9.961e-02  RMSE  1.145e-01  
937     3.1e-05 RMSE  9.961e-02  RMSE  1.145e-01  
938     3.1e-05 RMSE  9.961e-02  RMSE  1.145e-01  
939     3.1e-05 RMSE  9.961e-02  RMSE  1.145e-01  
940     3.1e-05 RMSE  9.961e-02  RMSE  1.145e-01  
941     3.1e-05 RMSE  9.961e-02  RMSE  1.145e-01  
942     3.1e-05 RMSE  9.961e-02  RMSE  1.145e-01  
943     3.1e-05 RMSE  9.961e-02  RMSE  1.145e-01  
944     3.1e-05 RMSE  9.961e-02  RMSE  1.145e-01  
945     3.1e-05 RMSE  9.961e-02  RMSE  1.145e-01  
946     3.1e-05 RMSE  9.961e-02  RMSE  1.145e-01  
947     3.1e-05 RMSE  9.961e-02  RMSE  1.145e-01  
948     3.1e-05 RMSE  9.961e-02  RMSE  1.145e-01  
949     3.1e-05 RMSE  9.961e-02  RMSE  1.145e-01  
950     3.1e-05 RMSE  9.961e-02  RMSE  1.145e-01  
951     3.1e-05 RMSE  9.961e-02  RMSE  1.145e-01  
952     3.1e-05 RMSE  9.961e-02  RMSE  1.145e-01  
953     3.1e-05 RMSE  9.960e-02  RMSE  1.145e-01  
954     3.1e-05 RMSE  9.960e-02  RMSE  1.145e-01  
955     3.1e-05 RMSE  9.960e-02  RMSE  1.145e-01  
956     3.1e-05 RMSE  9.960e-02  RMSE  1.145e-01  
957     3.1e-05 RMSE  9.960e-02  RMSE  1.145e-01  
958     3.1e-05 RMSE  9.960e-02  RMSE  1.145e-01  
959     3.1e-05 RMSE  9.960e-02  RMSE  1.145e-01  
960     3.1e-05 RMSE  9.960e-02  RMSE  1.145e-01  
961     3.1e-05 RMSE  9.960e-02  RMSE  1.145e-01  
962     3.1e-05 RMSE  9.960e-02  RMSE  1.145e-01  
963     3.1e-05 RMSE  9.960e-02  RMSE  1.145e-01  
964     3.1e-05 RMSE  9.960e-02  RMSE  1.145e-01  
965     3.1e-05 RMSE  9.960e-02  RMSE  1.145e-01  
966     3.1e-05 RMSE  9.960e-02  RMSE  1.145e-01  
967     3.1e-05 RMSE  9.960e-02  RMSE  1.145e-01  
968     3.1e-05 RMSE  9.960e-02  RMSE  1.145e-01  
969     3.1e-05 RMSE  9.960e-02  RMSE  1.145e-01  
970     3.1e-05 RMSE  9.960e-02  RMSE  1.145e-01  
971     3.1e-05 RMSE  9.960e-02  RMSE  1.145e-01  
972     3.1e-05 RMSE  9.960e-02  RMSE  1.145e-01  
973     3.1e-05 RMSE  9.960e-02  RMSE  1.145e-01  
974     3.1e-05 RMSE  9.960e-02  RMSE  1.145e-01  
975     3.1e-05 RMSE  9.960e-02  RMSE  1.145e-01  
976     3.1e-05 RMSE  9.960e-02  RMSE  1.145e-01  
977     3.1e-05 RMSE  9.960e-02  RMSE  1.145e-01  
978     3.1e-05 RMSE  9.960e-02  RMSE  1.145e-01  
979     3.1e-05 RMSE  9.960e-02  RMSE  1.145e-01  
980     3.1e-05 RMSE  9.959e-02  RMSE  1.145e-01  
981     3.1e-05 RMSE  9.959e-02  RMSE  1.145e-01  
982     3.1e-05 RMSE  9.959e-02  RMSE  1.145e-01  
983     3.1e-05 RMSE  9.959e-02  RMSE  1.145e-01  
984     3.1e-05 RMSE  9.959e-02  RMSE  1.145e-01  
985     3.1e-05 RMSE  9.959e-02  RMSE  1.145e-01  
986     3.1e-05 RMSE  9.959e-02  RMSE  1.145e-01  
987     3.1e-05 RMSE  9.959e-02  RMSE  1.145e-01  
988     3.1e-05 RMSE  9.959e-02  RMSE  1.145e-01  
989     3.1e-05 RMSE  9.959e-02  RMSE  1.145e-01  
990     3.1e-05 RMSE  9.959e-02  RMSE  1.145e-01  
991     3.1e-05 RMSE  9.959e-02  RMSE  1.145e-01  
992     3.1e-05 RMSE  9.959e-02  RMSE  1.144e-01  
993     3.1e-05 RMSE  9.959e-02  RMSE  1.144e-01  
994     3.1e-05 RMSE  9.959e-02  RMSE  1.144e-01  
995     3.1e-05 RMSE  9.959e-02  RMSE  1.144e-01  
996     3.1e-05 RMSE  9.959e-02  RMSE  1.144e-01  
997     3.1e-05 RMSE  9.959e-02  RMSE  1.144e-01  
998     3.1e-05 RMSE  9.959e-02  RMSE  1.144e-01  
999     3.1e-05 RMSE  9.959e-02  RMSE  1.144e-01  
1000    3.1e-05 RMSE  9.959e-02  RMSE  1.144e-01  
1001    3.1e-05 RMSE  9.959e-02  RMSE  1.144e-01  
1002    3.1e-05 RMSE  9.959e-02  RMSE  1.144e-01  
1003    3.1e-05 RMSE  9.959e-02  RMSE  1.144e-01  
1004    3.1e-05 RMSE  9.959e-02  RMSE  1.144e-01  
1005    3.1e-05 RMSE  9.959e-02  RMSE  1.144e-01  
1006    3.1e-05 RMSE  9.959e-02  RMSE  1.144e-01  
1007    3.1e-05 RMSE  9.958e-02  RMSE  1.144e-01  
1008    3.1e-05 RMSE  9.958e-02  RMSE  1.144e-01  
1009    3.1e-05 RMSE  9.958e-02  RMSE  1.144e-01  
1010    3.1e-05 RMSE  9.958e-02  RMSE  1.144e-01  
1011    3.1e-05 RMSE  9.958e-02  RMSE  1.144e-01  
1012    3.1e-05 RMSE  9.958e-02  RMSE  1.144e-01  
1013    3.1e-05 RMSE  9.958e-02  RMSE  1.144e-01  
1014    3.1e-05 RMSE  9.958e-02  RMSE  1.144e-01  
1015    3.1e-05 RMSE  9.958e-02  RMSE  1.144e-01  
1016    3.1e-05 RMSE  9.958e-02  RMSE  1.144e-01  
1017    3.1e-05 RMSE  9.958e-02  RMSE  1.144e-01  
1018    3.1e-05 RMSE  9.958e-02  RMSE  1.144e-01  
1019    3.1e-05 RMSE  9.958e-02  RMSE  1.144e-01  
1020    3.1e-05 RMSE  9.958e-02  RMSE  1.144e-01  
1021    3.1e-05 RMSE  9.958e-02  RMSE  1.144e-01  
1022    3.1e-05 RMSE  9.958e-02  RMSE  1.144e-01  
1023    3.1e-05 RMSE  9.958e-02  RMSE  1.144e-01  
1024    3.1e-05 RMSE  9.958e-02  RMSE  1.144e-01  
1025    3.1e-05 RMSE  9.958e-02  RMSE  1.144e-01  
1026    3.1e-05 RMSE  9.958e-02  RMSE  1.144e-01  
1027    3.1e-05 RMSE  9.958e-02  RMSE  1.144e-01  
1028    3.1e-05 RMSE  9.958e-02  RMSE  1.144e-01  
1029    3.1e-05 RMSE  9.958e-02  RMSE  1.144e-01  
1030    3.1e-05 RMSE  9.958e-02  RMSE  1.144e-01  
1031    3.1e-05 RMSE  9.958e-02  RMSE  1.144e-01  
1032    3.1e-05 RMSE  9.958e-02  RMSE  1.144e-01  
1033    3.1e-05 RMSE  9.957e-02  RMSE  1.144e-01  
1034    3.1e-05 RMSE  9.957e-02  RMSE  1.144e-01  
1035    3.1e-05 RMSE  9.957e-02  RMSE  1.144e-01  
1036    3.1e-05 RMSE  9.957e-02  RMSE  1.144e-01  
1037    3.1e-05 RMSE  9.957e-02  RMSE  1.144e-01  
1038    3.1e-05 RMSE  9.957e-02  RMSE  1.144e-01  
1039    3.1e-05 RMSE  9.957e-02  RMSE  1.144e-01  
1040    3.1e-05 RMSE  9.957e-02  RMSE  1.144e-01  
1041    3.1e-05 RMSE  9.957e-02  RMSE  1.144e-01  
1042    3.1e-05 RMSE  9.957e-02  RMSE  1.144e-01  
1043    3.1e-05 RMSE  9.957e-02  RMSE  1.144e-01  
1044    3.1e-05 RMSE  9.957e-02  RMSE  1.144e-01  
1045    3.1e-05 RMSE  9.957e-02  RMSE  1.144e-01  
1046    3.1e-05 RMSE  9.957e-02  RMSE  1.144e-01  
1047    3.1e-05 RMSE  9.957e-02  RMSE  1.144e-01  
1048    3.1e-05 RMSE  9.957e-02  RMSE  1.144e-01  
1049    3.1e-05 RMSE  9.957e-02  RMSE  1.144e-01  
1050    3.1e-05 RMSE  9.957e-02  RMSE  1.144e-01  
1051    3.1e-05 RMSE  9.957e-02  RMSE  1.144e-01  
1052    3.1e-05 RMSE  9.957e-02  RMSE  1.144e-01  
1053    3.1e-05 RMSE  9.957e-02  RMSE  1.144e-01  
1054    3.1e-05 RMSE  9.957e-02  RMSE  1.144e-01  
1055    3.1e-05 RMSE  9.957e-02  RMSE  1.144e-01  
1056    3.1e-05 RMSE  9.957e-02  RMSE  1.144e-01  
1057    3.1e-05 RMSE  9.957e-02  RMSE  1.144e-01  
1058    3.1e-05 RMSE  9.957e-02  RMSE  1.144e-01  
1059    3.1e-05 RMSE  9.956e-02  RMSE  1.144e-01  
1060    3.1e-05 RMSE  9.956e-02  RMSE  1.144e-01  
1061    3.1e-05 RMSE  9.956e-02  RMSE  1.144e-01  
1062    3.1e-05 RMSE  9.956e-02  RMSE  1.144e-01  
1063    3.1e-05 RMSE  9.956e-02  RMSE  1.144e-01  
1064    3.1e-05 RMSE  9.956e-02  RMSE  1.144e-01  
1065    3.1e-05 RMSE  9.956e-02  RMSE  1.144e-01  
1066    3.1e-05 RMSE  9.956e-02  RMSE  1.144e-01  
1067    3.1e-05 RMSE  9.956e-02  RMSE  1.144e-01  
1068    3.1e-05 RMSE  9.956e-02  RMSE  1.144e-01  
1069    3.1e-05 RMSE  9.956e-02  RMSE  1.144e-01  
1070    3.1e-05 RMSE  9.956e-02  RMSE  1.144e-01  
1071    3.1e-05 RMSE  9.956e-02  RMSE  1.144e-01  
1072    3.1e-05 RMSE  9.956e-02  RMSE  1.144e-01  
1073    3.1e-05 RMSE  9.956e-02  RMSE  1.144e-01  
1074    3.1e-05 RMSE  9.956e-02  RMSE  1.144e-01  
1075    3.1e-05 RMSE  9.956e-02  RMSE  1.144e-01  
1076    3.1e-05 RMSE  9.956e-02  RMSE  1.144e-01  
1077    3.1e-05 RMSE  9.956e-02  RMSE  1.144e-01  
1078    3.1e-05 RMSE  9.956e-02  RMSE  1.144e-01  
1079    3.1e-05 RMSE  9.956e-02  RMSE  1.144e-01  
1080    3.1e-05 RMSE  9.956e-02  RMSE  1.144e-01  
1081    3.1e-05 RMSE  9.956e-02  RMSE  1.144e-01  
1082    3.1e-05 RMSE  9.956e-02  RMSE  1.144e-01  
1083    3.1e-05 RMSE  9.956e-02  RMSE  1.144e-01  
1084    3.1e-05 RMSE  9.956e-02  RMSE  1.144e-01  
1085    3.1e-05 RMSE  9.955e-02  RMSE  1.144e-01  
1086    3.1e-05 RMSE  9.955e-02  RMSE  1.144e-01  
1087    3.1e-05 RMSE  9.955e-02  RMSE  1.144e-01  
1088    3.1e-05 RMSE  9.955e-02  RMSE  1.144e-01  
1089    3.1e-05 RMSE  9.955e-02  RMSE  1.144e-01  
1090    3.1e-05 RMSE  9.955e-02  RMSE  1.144e-01  
1091    3.1e-05 RMSE  9.955e-02  RMSE  1.144e-01  
1092    3.1e-05 RMSE  9.955e-02  RMSE  1.144e-01  
1093    3.1e-05 RMSE  9.955e-02  RMSE  1.144e-01  
1094    3.1e-05 RMSE  9.955e-02  RMSE  1.144e-01  
1095    3.1e-05 RMSE  9.955e-02  RMSE  1.144e-01  
1096    3.1e-05 RMSE  9.955e-02  RMSE  1.144e-01  
1097    3.1e-05 RMSE  9.955e-02  RMSE  1.144e-01  
1098    3.1e-05 RMSE  9.955e-02  RMSE  1.144e-01  
1099    3.1e-05 RMSE  9.955e-02  RMSE  1.144e-01  
1100    3.1e-05 RMSE  9.955e-02  RMSE  1.144e-01  
1101    3.1e-05 RMSE  9.955e-02  RMSE  1.144e-01  
1102    3.1e-05 RMSE  9.955e-02  RMSE  1.144e-01  
1103    3.1e-05 RMSE  9.955e-02  RMSE  1.144e-01  
1104    3.1e-05 RMSE  9.956e-02  RMSE  1.144e-01  
1105    3.1e-05 RMSE  9.956e-02  RMSE  1.144e-01  
1106    3.1e-05 RMSE  9.957e-02  RMSE  1.144e-01  
1107    3.1e-05 RMSE  9.959e-02  RMSE  1.145e-01  
1108    3.1e-05 RMSE  9.961e-02  RMSE  1.145e-01  
1109    3.1e-05 RMSE  9.966e-02  RMSE  1.146e-01  
1110    3.1e-05 RMSE  9.974e-02  RMSE  1.147e-01  
1111    3.1e-05 RMSE  9.988e-02  RMSE  1.149e-01  
1112    3.1e-05 RMSE  1.001e-01  RMSE  1.151e-01  
1113    3.1e-05 RMSE  1.004e-01  RMSE  1.155e-01  
1114    3.1e-05 RMSE  1.008e-01  RMSE  1.157e-01  
1115    3.1e-05 RMSE  1.012e-01  RMSE  1.158e-01  
1116    3.1e-05 RMSE  1.012e-01  RMSE  1.154e-01  
1117    3.1e-05 RMSE  1.008e-01  RMSE  1.149e-01  
1118    3.1e-05 RMSE  1.001e-01  RMSE  1.144e-01  
1119    3.1e-05 RMSE  9.958e-02  RMSE  1.145e-01  
1120    3.1e-05 RMSE  9.964e-02  RMSE  1.148e-01  
1121    3.1e-05 RMSE  1.000e-01  RMSE  1.150e-01  
1122    3.1e-05 RMSE  1.003e-01  RMSE  1.149e-01  
1123    3.1e-05 RMSE  1.001e-01  RMSE  1.146e-01  
1124    3.1e-05 RMSE  9.974e-02  RMSE  1.144e-01  
1125    3.1e-05 RMSE  9.954e-02  RMSE  1.145e-01  
1126    3.1e-05 RMSE  9.968e-02  RMSE  1.147e-01  
1127    3.1e-05 RMSE  9.992e-02  RMSE  1.147e-01  
1128    3.1e-05 RMSE  9.993e-02  RMSE  1.145e-01  
1129    3.1e-05 RMSE  9.971e-02  RMSE  1.144e-01  
1130    3.1e-05 RMSE  9.955e-02  RMSE  1.144e-01  
1131    3.1e-05 RMSE  9.959e-02  RMSE  1.145e-01  
1132    3.1e-05 RMSE  9.974e-02  RMSE  1.146e-01  
1133    3.1e-05 RMSE  9.977e-02  RMSE  1.145e-01  
1134    3.1e-05 RMSE  9.965e-02  RMSE  1.144e-01  
1135    3.1e-05 RMSE  9.954e-02  RMSE  1.144e-01  
1136    3.1e-05 RMSE  9.956e-02  RMSE  1.145e-01  
1137    3.1e-05 RMSE  9.965e-02  RMSE  1.145e-01  
1138    3.1e-05 RMSE  9.967e-02  RMSE  1.144e-01  
1139    3.1e-05 RMSE  9.961e-02  RMSE  1.144e-01  
1140    3.1e-05 RMSE  9.954e-02  RMSE  1.144e-01  
1141    3.1e-05 RMSE  9.955e-02  RMSE  1.144e-01  
1142    3.1e-05 RMSE  9.960e-02  RMSE  1.145e-01  
1143    3.1e-05 RMSE  9.962e-02  RMSE  1.144e-01  
1144    3.1e-05 RMSE  9.958e-02  RMSE  1.144e-01  
1145    3.1e-05 RMSE  9.954e-02  RMSE  1.144e-01  
1146    3.1e-05 RMSE  9.954e-02  RMSE  1.144e-01  
1147    3.1e-05 RMSE  9.957e-02  RMSE  1.144e-01  
1148    3.1e-05 RMSE  9.958e-02  RMSE  1.144e-01  
1149    3.1e-05 RMSE  9.956e-02  RMSE  1.144e-01  
1150    3.1e-05 RMSE  9.953e-02  RMSE  1.144e-01  
1151    3.1e-05 RMSE  9.954e-02  RMSE  1.144e-01  
1152    3.1e-05 RMSE  9.955e-02  RMSE  1.144e-01  
1153    3.1e-05 RMSE  9.956e-02  RMSE  1.144e-01  
1154    3.1e-05 RMSE  9.955e-02  RMSE  1.144e-01  
1155    3.1e-05 RMSE  9.953e-02  RMSE  1.144e-01  
1156    3.1e-05 RMSE  9.953e-02  RMSE  1.144e-01  
1157    3.1e-05 RMSE  9.954e-02  RMSE  1.144e-01  
1158    3.1e-05 RMSE  9.955e-02  RMSE  1.144e-01  
1159    3.1e-05 RMSE  9.954e-02  RMSE  1.144e-01  
1160    3.1e-05 RMSE  9.953e-02  RMSE  1.144e-01  
1161    3.1e-05 RMSE  9.953e-02  RMSE  1.144e-01  
1162    3.1e-05 RMSE  9.953e-02  RMSE  1.144e-01  
1163    3.1e-05 RMSE  9.954e-02  RMSE  1.144e-01  
1164    3.1e-05 RMSE  9.953e-02  RMSE  1.144e-01  
1165    3.1e-05 RMSE  9.953e-02  RMSE  1.144e-01  
1166    3.1e-05 RMSE  9.953e-02  RMSE  1.144e-01  
1167    3.1e-05 RMSE  9.953e-02  RMSE  1.144e-01  
1168    3.1e-05 RMSE  9.953e-02  RMSE  1.144e-01  
1169    3.1e-05 RMSE  9.953e-02  RMSE  1.144e-01  
1170    3.1e-05 RMSE  9.953e-02  RMSE  1.144e-01  
1171    3.1e-05 RMSE  9.952e-02  RMSE  1.144e-01  
1172    3.1e-05 RMSE  9.952e-02  RMSE  1.144e-01  
1173    3.1e-05 RMSE  9.953e-02  RMSE  1.144e-01  
1174    3.1e-05 RMSE  9.953e-02  RMSE  1.144e-01  
1175    3.1e-05 RMSE  9.952e-02  RMSE  1.144e-01  
1176    3.1e-05 RMSE  9.952e-02  RMSE  1.144e-01  
1177    3.1e-05 RMSE  9.952e-02  RMSE  1.144e-01  
1178    3.1e-05 RMSE  9.952e-02  RMSE  1.144e-01  
1179    3.1e-05 RMSE  9.952e-02  RMSE  1.144e-01  
1180    3.1e-05 RMSE  9.952e-02  RMSE  1.144e-01  
1181    3.1e-05 RMSE  9.952e-02  RMSE  1.144e-01  
1182    3.1e-05 RMSE  9.952e-02  RMSE  1.144e-01  
1183    3.1e-05 RMSE  9.952e-02  RMSE  1.144e-01  
1184    3.1e-05 RMSE  9.952e-02  RMSE  1.144e-01  
1185    3.1e-05 RMSE  9.952e-02  RMSE  1.144e-01  
1186    3.1e-05 RMSE  9.952e-02  RMSE  1.144e-01  
1187    3.1e-05 RMSE  9.952e-02  RMSE  1.144e-01  
1188    3.1e-05 RMSE  9.952e-02  RMSE  1.144e-01  
1189    3.1e-05 RMSE  9.952e-02  RMSE  1.144e-01  
1190    3.1e-05 RMSE  9.952e-02  RMSE  1.144e-01  
1191    3.1e-05 RMSE  9.952e-02  RMSE  1.144e-01  
1192    3.1e-05 RMSE  9.952e-02  RMSE  1.144e-01  
1193    3.1e-05 RMSE  9.952e-02  RMSE  1.144e-01  
1194    3.1e-05 RMSE  9.952e-02  RMSE  1.144e-01  
1195    3.1e-05 RMSE  9.951e-02  RMSE  1.144e-01  
1196    3.1e-05 RMSE  9.951e-02  RMSE  1.144e-01  
1197    3.1e-05 RMSE  9.951e-02  RMSE  1.144e-01  
1198    3.1e-05 RMSE  9.951e-02  RMSE  1.144e-01  
1199    3.1e-05 RMSE  9.951e-02  RMSE  1.144e-01  
1200    3.1e-05 RMSE  9.951e-02  RMSE  1.144e-01  
1201    3.1e-05 RMSE  9.951e-02  RMSE  1.144e-01  
1202    3.1e-05 RMSE  9.951e-02  RMSE  1.144e-01  
1203    3.1e-05 RMSE  9.951e-02  RMSE  1.144e-01  
1204    3.1e-05 RMSE  9.951e-02  RMSE  1.144e-01  
1205    3.1e-05 RMSE  9.951e-02  RMSE  1.144e-01  
1206    3.1e-05 RMSE  9.951e-02  RMSE  1.144e-01  
1207    3.1e-05 RMSE  9.951e-02  RMSE  1.144e-01  
1208    3.1e-05 RMSE  9.951e-02  RMSE  1.144e-01  
1209    3.1e-05 RMSE  9.951e-02  RMSE  1.144e-01  
1210    3.1e-05 RMSE  9.951e-02  RMSE  1.144e-01  
1211    3.1e-05 RMSE  9.951e-02  RMSE  1.144e-01  
1212    3.1e-05 RMSE  9.951e-02  RMSE  1.144e-01  
1213    3.1e-05 RMSE  9.951e-02  RMSE  1.144e-01  
1214    3.1e-05 RMSE  9.951e-02  RMSE  1.144e-01  
1215    3.1e-05 RMSE  9.951e-02  RMSE  1.144e-01  
1216    3.1e-05 RMSE  9.951e-02  RMSE  1.144e-01  
1217    3.1e-05 RMSE  9.951e-02  RMSE  1.144e-01  
1218    3.1e-05 RMSE  9.951e-02  RMSE  1.144e-01  
1219    3.1e-05 RMSE  9.951e-02  RMSE  1.144e-01  
1220    3.1e-05 RMSE  9.951e-02  RMSE  1.144e-01  
1221    3.1e-05 RMSE  9.951e-02  RMSE  1.144e-01  
1222    3.1e-05 RMSE  9.950e-02  RMSE  1.144e-01  
1223    3.1e-05 RMSE  9.950e-02  RMSE  1.144e-01  
1224    3.1e-05 RMSE  9.950e-02  RMSE  1.144e-01  
1225    3.1e-05 RMSE  9.950e-02  RMSE  1.144e-01  
1226    3.1e-05 RMSE  9.950e-02  RMSE  1.144e-01  
1227    3.1e-05 RMSE  9.950e-02  RMSE  1.144e-01  
1228    3.1e-05 RMSE  9.950e-02  RMSE  1.144e-01  
1229    3.1e-05 RMSE  9.950e-02  RMSE  1.144e-01  
1230    3.1e-05 RMSE  9.950e-02  RMSE  1.144e-01  
1231    3.1e-05 RMSE  9.950e-02  RMSE  1.144e-01  
1232    3.1e-05 RMSE  9.950e-02  RMSE  1.144e-01  
1233    3.1e-05 RMSE  9.950e-02  RMSE  1.144e-01  
1234    3.1e-05 RMSE  9.950e-02  RMSE  1.144e-01  
1235    3.1e-05 RMSE  9.950e-02  RMSE  1.144e-01  
1236    3.1e-05 RMSE  9.950e-02  RMSE  1.144e-01  
1237    3.1e-05 RMSE  9.950e-02  RMSE  1.144e-01  
1238    3.1e-05 RMSE  9.950e-02  RMSE  1.144e-01  
1239    3.1e-05 RMSE  9.950e-02  RMSE  1.144e-01  
1240    3.1e-05 RMSE  9.950e-02  RMSE  1.144e-01  
1241    3.1e-05 RMSE  9.950e-02  RMSE  1.144e-01  
1242    3.1e-05 RMSE  9.950e-02  RMSE  1.143e-01  
1243    3.1e-05 RMSE  9.950e-02  RMSE  1.143e-01  
1244    3.1e-05 RMSE  9.950e-02  RMSE  1.143e-01  
1245    3.1e-05 RMSE  9.950e-02  RMSE  1.143e-01  
1246    3.1e-05 RMSE  9.950e-02  RMSE  1.143e-01  
1247    3.1e-05 RMSE  9.950e-02  RMSE  1.143e-01  
1248    3.1e-05 RMSE  9.950e-02  RMSE  1.143e-01  
1249    3.1e-05 RMSE  9.949e-02  RMSE  1.143e-01  
1250    3.1e-05 RMSE  9.949e-02  RMSE  1.143e-01  
1251    3.1e-05 RMSE  9.949e-02  RMSE  1.143e-01  
1252    3.1e-05 RMSE  9.949e-02  RMSE  1.143e-01  
1253    3.1e-05 RMSE  9.949e-02  RMSE  1.143e-01  
1254    3.1e-05 RMSE  9.949e-02  RMSE  1.143e-01  
1255    3.1e-05 RMSE  9.949e-02  RMSE  1.143e-01  
1256    3.1e-05 RMSE  9.949e-02  RMSE  1.143e-01  
1257    3.1e-05 RMSE  9.949e-02  RMSE  1.143e-01  
1258    3.1e-05 RMSE  9.949e-02  RMSE  1.143e-01  
1259    3.1e-05 RMSE  9.949e-02  RMSE  1.143e-01  
1260    3.1e-05 RMSE  9.949e-02  RMSE  1.143e-01  
1261    3.1e-05 RMSE  9.949e-02  RMSE  1.143e-01  
1262    3.1e-05 RMSE  9.949e-02  RMSE  1.143e-01  
1263    3.1e-05 RMSE  9.949e-02  RMSE  1.143e-01  
1264    3.1e-05 RMSE  9.949e-02  RMSE  1.143e-01  
1265    3.1e-05 RMSE  9.949e-02  RMSE  1.143e-01  
1266    3.1e-05 RMSE  9.949e-02  RMSE  1.143e-01  
1267    3.1e-05 RMSE  9.949e-02  RMSE  1.143e-01  
1268    3.1e-05 RMSE  9.949e-02  RMSE  1.143e-01  
1269    3.1e-05 RMSE  9.949e-02  RMSE  1.143e-01  
1270    3.1e-05 RMSE  9.949e-02  RMSE  1.143e-01  
1271    3.1e-05 RMSE  9.949e-02  RMSE  1.143e-01  
1272    3.1e-05 RMSE  9.949e-02  RMSE  1.143e-01  
1273    3.1e-05 RMSE  9.949e-02  RMSE  1.143e-01  
1274    3.1e-05 RMSE  9.949e-02  RMSE  1.143e-01  
1275    3.1e-05 RMSE  9.949e-02  RMSE  1.143e-01  
1276    3.1e-05 RMSE  9.948e-02  RMSE  1.143e-01  
1277    3.1e-05 RMSE  9.948e-02  RMSE  1.143e-01  
1278    3.1e-05 RMSE  9.948e-02  RMSE  1.143e-01  
1279    3.1e-05 RMSE  9.948e-02  RMSE  1.143e-01  
1280    3.1e-05 RMSE  9.948e-02  RMSE  1.143e-01  
1281    3.1e-05 RMSE  9.948e-02  RMSE  1.143e-01  
1282    3.1e-05 RMSE  9.948e-02  RMSE  1.143e-01  
1283    3.1e-05 RMSE  9.948e-02  RMSE  1.143e-01  
1284    3.1e-05 RMSE  9.948e-02  RMSE  1.143e-01  
1285    3.1e-05 RMSE  9.948e-02  RMSE  1.143e-01  
1286    3.1e-05 RMSE  9.948e-02  RMSE  1.143e-01  
1287    3.1e-05 RMSE  9.948e-02  RMSE  1.143e-01  
1288    3.1e-05 RMSE  9.948e-02  RMSE  1.143e-01  
1289    3.1e-05 RMSE  9.948e-02  RMSE  1.143e-01  
1290    3.1e-05 RMSE  9.948e-02  RMSE  1.143e-01  
1291    3.1e-05 RMSE  9.948e-02  RMSE  1.143e-01  
1292    3.1e-05 RMSE  9.948e-02  RMSE  1.143e-01  
1293    3.1e-05 RMSE  9.948e-02  RMSE  1.143e-01  
1294    3.1e-05 RMSE  9.948e-02  RMSE  1.143e-01  
1295    3.1e-05 RMSE  9.948e-02  RMSE  1.143e-01  
1296    3.1e-05 RMSE  9.948e-02  RMSE  1.143e-01  
1297    3.1e-05 RMSE  9.948e-02  RMSE  1.143e-01  
1298    3.1e-05 RMSE  9.948e-02  RMSE  1.143e-01  
1299    3.1e-05 RMSE  9.948e-02  RMSE  1.143e-01  
1300    3.1e-05 RMSE  9.948e-02  RMSE  1.143e-01  
1301    3.1e-05 RMSE  9.948e-02  RMSE  1.143e-01  
1302    3.1e-05 RMSE  9.947e-02  RMSE  1.143e-01  
1303    3.1e-05 RMSE  9.947e-02  RMSE  1.143e-01  
1304    3.1e-05 RMSE  9.947e-02  RMSE  1.143e-01  
1305    3.1e-05 RMSE  9.947e-02  RMSE  1.143e-01  
1306    3.1e-05 RMSE  9.947e-02  RMSE  1.143e-01  
1307    3.1e-05 RMSE  9.947e-02  RMSE  1.143e-01  
1308    3.1e-05 RMSE  9.947e-02  RMSE  1.143e-01  
1309    3.1e-05 RMSE  9.947e-02  RMSE  1.143e-01  
1310    3.1e-05 RMSE  9.947e-02  RMSE  1.143e-01  
1311    3.1e-05 RMSE  9.947e-02  RMSE  1.143e-01  
1312    3.1e-05 RMSE  9.947e-02  RMSE  1.143e-01  
1313    3.1e-05 RMSE  9.947e-02  RMSE  1.143e-01  
1314    3.1e-05 RMSE  9.947e-02  RMSE  1.143e-01  
1315    3.1e-05 RMSE  9.947e-02  RMSE  1.143e-01  
1316    3.1e-05 RMSE  9.947e-02  RMSE  1.143e-01  
1317    3.1e-05 RMSE  9.947e-02  RMSE  1.143e-01  
1318    3.1e-05 RMSE  9.947e-02  RMSE  1.143e-01  
1319    3.1e-05 RMSE  9.947e-02  RMSE  1.143e-01  
1320    3.1e-05 RMSE  9.947e-02  RMSE  1.143e-01  
1321    3.1e-05 RMSE  9.947e-02  RMSE  1.143e-01  
1322    3.1e-05 RMSE  9.947e-02  RMSE  1.143e-01  
1323    3.1e-05 RMSE  9.947e-02  RMSE  1.143e-01  
1324    3.1e-05 RMSE  9.947e-02  RMSE  1.143e-01  
1325    3.1e-05 RMSE  9.947e-02  RMSE  1.143e-01  
1326    3.1e-05 RMSE  9.947e-02  RMSE  1.143e-01  
1327    3.1e-05 RMSE  9.947e-02  RMSE  1.143e-01  
1328    3.1e-05 RMSE  9.947e-02  RMSE  1.143e-01  
1329    3.1e-05 RMSE  9.946e-02  RMSE  1.143e-01  
1330    3.1e-05 RMSE  9.946e-02  RMSE  1.143e-01  
1331    3.1e-05 RMSE  9.946e-02  RMSE  1.143e-01  
1332    3.1e-05 RMSE  9.946e-02  RMSE  1.143e-01  
1333    3.1e-05 RMSE  9.946e-02  RMSE  1.143e-01  
1334    3.1e-05 RMSE  9.946e-02  RMSE  1.143e-01  
1335    3.1e-05 RMSE  9.946e-02  RMSE  1.143e-01  
1336    3.1e-05 RMSE  9.946e-02  RMSE  1.143e-01  
1337    3.1e-05 RMSE  9.946e-02  RMSE  1.143e-01  
1338    3.1e-05 RMSE  9.946e-02  RMSE  1.143e-01  
1339    3.1e-05 RMSE  9.946e-02  RMSE  1.143e-01  
1340    3.1e-05 RMSE  9.946e-02  RMSE  1.143e-01  
1341    3.1e-05 RMSE  9.946e-02  RMSE  1.143e-01  
1342    3.1e-05 RMSE  9.946e-02  RMSE  1.143e-01  
1343    3.1e-05 RMSE  9.946e-02  RMSE  1.143e-01  
1344    3.1e-05 RMSE  9.946e-02  RMSE  1.143e-01  
1345    3.1e-05 RMSE  9.946e-02  RMSE  1.143e-01  
1346    3.1e-05 RMSE  9.946e-02  RMSE  1.143e-01  
1347    3.1e-05 RMSE  9.946e-02  RMSE  1.143e-01  
1348    3.1e-05 RMSE  9.946e-02  RMSE  1.143e-01  
1349    3.1e-05 RMSE  9.946e-02  RMSE  1.143e-01  
1350    3.1e-05 RMSE  9.946e-02  RMSE  1.143e-01  
1351    3.1e-05 RMSE  9.946e-02  RMSE  1.143e-01  
1352    3.1e-05 RMSE  9.946e-02  RMSE  1.143e-01  
1353    3.1e-05 RMSE  9.946e-02  RMSE  1.143e-01  
1354    3.1e-05 RMSE  9.946e-02  RMSE  1.143e-01  
1355    3.1e-05 RMSE  9.945e-02  RMSE  1.143e-01  
1356    3.1e-05 RMSE  9.945e-02  RMSE  1.143e-01  
1357    3.1e-05 RMSE  9.945e-02  RMSE  1.143e-01  
1358    3.1e-05 RMSE  9.945e-02  RMSE  1.143e-01  
1359    3.1e-05 RMSE  9.945e-02  RMSE  1.143e-01  
1360    3.1e-05 RMSE  9.945e-02  RMSE  1.143e-01  
1361    3.1e-05 RMSE  9.945e-02  RMSE  1.143e-01  
1362    3.1e-05 RMSE  9.945e-02  RMSE  1.143e-01  
1363    3.1e-05 RMSE  9.945e-02  RMSE  1.143e-01  
1364    3.1e-05 RMSE  9.945e-02  RMSE  1.143e-01  
1365    3.1e-05 RMSE  9.945e-02  RMSE  1.143e-01  
1366    3.1e-05 RMSE  9.945e-02  RMSE  1.143e-01  
1367    3.1e-05 RMSE  9.945e-02  RMSE  1.143e-01  
1368    3.1e-05 RMSE  9.945e-02  RMSE  1.143e-01  
1369    3.1e-05 RMSE  9.945e-02  RMSE  1.143e-01  
1370    3.1e-05 RMSE  9.945e-02  RMSE  1.143e-01  
1371    3.1e-05 RMSE  9.945e-02  RMSE  1.143e-01  
1372    3.1e-05 RMSE  9.945e-02  RMSE  1.143e-01  
1373    3.1e-05 RMSE  9.945e-02  RMSE  1.143e-01  
1374    3.1e-05 RMSE  9.945e-02  RMSE  1.143e-01  
1375    3.1e-05 RMSE  9.945e-02  RMSE  1.143e-01  
1376    3.1e-05 RMSE  9.945e-02  RMSE  1.143e-01  
1377    3.1e-05 RMSE  9.945e-02  RMSE  1.143e-01  
1378    3.1e-05 RMSE  9.945e-02  RMSE  1.143e-01  
1379    3.1e-05 RMSE  9.945e-02  RMSE  1.143e-01  
1380    3.1e-05 RMSE  9.944e-02  RMSE  1.143e-01  
1381    3.1e-05 RMSE  9.944e-02  RMSE  1.143e-01  
1382    3.1e-05 RMSE  9.944e-02  RMSE  1.143e-01  
1383    3.1e-05 RMSE  9.944e-02  RMSE  1.143e-01  
1384    3.1e-05 RMSE  9.944e-02  RMSE  1.143e-01  
1385    3.1e-05 RMSE  9.944e-02  RMSE  1.143e-01  
1386    3.1e-05 RMSE  9.944e-02  RMSE  1.143e-01  
1387    3.1e-05 RMSE  9.944e-02  RMSE  1.143e-01  
1388    3.1e-05 RMSE  9.944e-02  RMSE  1.143e-01  
1389    3.1e-05 RMSE  9.944e-02  RMSE  1.143e-01  
1390    3.1e-05 RMSE  9.944e-02  RMSE  1.143e-01  
1391    3.1e-05 RMSE  9.944e-02  RMSE  1.143e-01  
1392    3.1e-05 RMSE  9.944e-02  RMSE  1.143e-01  
1393    3.1e-05 RMSE  9.944e-02  RMSE  1.143e-01  
1394    3.1e-05 RMSE  9.944e-02  RMSE  1.143e-01  
1395    3.1e-05 RMSE  9.944e-02  RMSE  1.143e-01  
1396    3.1e-05 RMSE  9.944e-02  RMSE  1.143e-01  
1397    3.1e-05 RMSE  9.944e-02  RMSE  1.143e-01  
1398    3.1e-05 RMSE  9.944e-02  RMSE  1.143e-01  
1399    3.1e-05 RMSE  9.944e-02  RMSE  1.143e-01  
1400    3.1e-05 RMSE  9.945e-02  RMSE  1.143e-01  
1401    3.1e-05 RMSE  9.946e-02  RMSE  1.143e-01  
1402    3.1e-05 RMSE  9.947e-02  RMSE  1.143e-01  
1403    3.1e-05 RMSE  9.950e-02  RMSE  1.144e-01  
1404    3.1e-05 RMSE  9.956e-02  RMSE  1.145e-01  
1405    3.1e-05 RMSE  9.966e-02  RMSE  1.146e-01  
1406    3.1e-05 RMSE  9.985e-02  RMSE  1.149e-01  
1407    3.1e-05 RMSE  1.002e-01  RMSE  1.153e-01  
1408    3.1e-05 RMSE  1.007e-01  RMSE  1.158e-01  
1409    3.1e-05 RMSE  1.013e-01  RMSE  1.163e-01  
1410    3.1e-05 RMSE  1.018e-01  RMSE  1.161e-01  
1411    3.1e-05 RMSE  1.016e-01  RMSE  1.154e-01  
1412    3.1e-05 RMSE  1.007e-01  RMSE  1.145e-01  
1413    3.1e-05 RMSE  9.967e-02  RMSE  1.143e-01  
1414    3.1e-05 RMSE  9.949e-02  RMSE  1.149e-01  
1415    3.1e-05 RMSE  1.001e-01  RMSE  1.152e-01  
1416    3.1e-05 RMSE  1.006e-01  RMSE  1.150e-01  
1417    3.1e-05 RMSE  1.003e-01  RMSE  1.144e-01  
1418    3.1e-05 RMSE  9.962e-02  RMSE  1.143e-01  
1419    3.1e-05 RMSE  9.946e-02  RMSE  1.146e-01  
1420    3.1e-05 RMSE  9.986e-02  RMSE  1.148e-01  
1421    3.1e-05 RMSE  1.001e-01  RMSE  1.146e-01  
1422    3.1e-05 RMSE  9.982e-02  RMSE  1.143e-01  
1423    3.1e-05 RMSE  9.946e-02  RMSE  1.143e-01  
1424    3.1e-05 RMSE  9.953e-02  RMSE  1.146e-01  
1425    3.1e-05 RMSE  9.980e-02  RMSE  1.145e-01  
1426    3.1e-05 RMSE  9.979e-02  RMSE  1.144e-01  
1427    3.1e-05 RMSE  9.953e-02  RMSE  1.143e-01  
1428    3.1e-05 RMSE  9.943e-02  RMSE  1.144e-01  
1429    3.1e-05 RMSE  9.959e-02  RMSE  1.145e-01  
1430    3.1e-05 RMSE  9.968e-02  RMSE  1.144e-01  
1431    3.1e-05 RMSE  9.956e-02  RMSE  1.143e-01  
1432    3.1e-05 RMSE  9.943e-02  RMSE  1.143e-01  
1433    3.1e-05 RMSE  9.949e-02  RMSE  1.144e-01  
1434    3.1e-05 RMSE  9.958e-02  RMSE  1.144e-01  
1435    3.1e-05 RMSE  9.954e-02  RMSE  1.143e-01  
1436    3.1e-05 RMSE  9.944e-02  RMSE  1.143e-01  
1437    3.1e-05 RMSE  9.944e-02  RMSE  1.144e-01  
1438    3.1e-05 RMSE  9.951e-02  RMSE  1.143e-01  
1439    3.1e-05 RMSE  9.952e-02  RMSE  1.143e-01  
1440    3.1e-05 RMSE  9.945e-02  RMSE  1.143e-01  
1441    3.1e-05 RMSE  9.942e-02  RMSE  1.143e-01  
1442    3.1e-05 RMSE  9.946e-02  RMSE  1.143e-01  
1443    3.1e-05 RMSE  9.949e-02  RMSE  1.143e-01  
1444    3.1e-05 RMSE  9.946e-02  RMSE  1.143e-01  
1445    3.1e-05 RMSE  9.942e-02  RMSE  1.143e-01  
1446    3.1e-05 RMSE  9.944e-02  RMSE  1.143e-01  
1447    3.1e-05 RMSE  9.946e-02  RMSE  1.143e-01  
1448    3.1e-05 RMSE  9.945e-02  RMSE  1.143e-01  
1449    3.1e-05 RMSE  9.943e-02  RMSE  1.143e-01  
1450    3.1e-05 RMSE  9.942e-02  RMSE  1.143e-01  
1451    3.1e-05 RMSE  9.944e-02  RMSE  1.143e-01  
1452    3.1e-05 RMSE  9.944e-02  RMSE  1.143e-01  
1453    3.1e-05 RMSE  9.943e-02  RMSE  1.143e-01  
1454    3.1e-05 RMSE  9.942e-02  RMSE  1.143e-01  
1455    3.1e-05 RMSE  9.943e-02  RMSE  1.143e-01  
1456    3.1e-05 RMSE  9.943e-02  RMSE  1.143e-01  
1457    3.1e-05 RMSE  9.943e-02  RMSE  1.143e-01  
1458    3.1e-05 RMSE  9.942e-02  RMSE  1.143e-01  
1459    3.1e-05 RMSE  9.942e-02  RMSE  1.143e-01  
1460    3.1e-05 RMSE  9.943e-02  RMSE  1.143e-01  
1461    3.1e-05 RMSE  9.943e-02  RMSE  1.143e-01  
1462    3.1e-05 RMSE  9.942e-02  RMSE  1.143e-01  
1463    3.1e-05 RMSE  9.942e-02  RMSE  1.143e-01  
1464    3.1e-05 RMSE  9.942e-02  RMSE  1.143e-01  
1465    3.1e-05 RMSE  9.942e-02  RMSE  1.143e-01  
1466    3.1e-05 RMSE  9.942e-02  RMSE  1.143e-01  
1467    3.1e-05 RMSE  9.941e-02  RMSE  1.143e-01  
1468    3.1e-05 RMSE  9.941e-02  RMSE  1.143e-01  
1469    3.1e-05 RMSE  9.942e-02  RMSE  1.143e-01  
1470    3.1e-05 RMSE  9.942e-02  RMSE  1.143e-01  
1471    3.1e-05 RMSE  9.941e-02  RMSE  1.143e-01  
1472    3.1e-05 RMSE  9.941e-02  RMSE  1.143e-01  
1473    3.1e-05 RMSE  9.941e-02  RMSE  1.143e-01  
1474    3.1e-05 RMSE  9.941e-02  RMSE  1.143e-01  
1475    3.1e-05 RMSE  9.941e-02  RMSE  1.143e-01  
1476    3.1e-05 RMSE  9.941e-02  RMSE  1.143e-01  
1477    3.1e-05 RMSE  9.941e-02  RMSE  1.143e-01  
1478    3.1e-05 RMSE  9.941e-02  RMSE  1.143e-01  
1479    3.1e-05 RMSE  9.941e-02  RMSE  1.143e-01  
1480    3.1e-05 RMSE  9.941e-02  RMSE  1.143e-01  
1481    3.1e-05 RMSE  9.941e-02  RMSE  1.143e-01  
1482    3.1e-05 RMSE  9.941e-02  RMSE  1.143e-01  
1483    3.1e-05 RMSE  9.941e-02  RMSE  1.143e-01  
1484    3.1e-05 RMSE  9.941e-02  RMSE  1.143e-01  
1485    3.1e-05 RMSE  9.941e-02  RMSE  1.143e-01  
1486    3.1e-05 RMSE  9.941e-02  RMSE  1.143e-01  
1487    3.1e-05 RMSE  9.941e-02  RMSE  1.143e-01  
1488    3.1e-05 RMSE  9.941e-02  RMSE  1.143e-01  
1489    3.1e-05 RMSE  9.941e-02  RMSE  1.143e-01  
1490    3.1e-05 RMSE  9.941e-02  RMSE  1.143e-01  
1491    3.1e-05 RMSE  9.941e-02  RMSE  1.143e-01  
1492    3.1e-05 RMSE  9.941e-02  RMSE  1.143e-01  
1493    3.1e-05 RMSE  9.941e-02  RMSE  1.143e-01  
1494    3.1e-05 RMSE  9.940e-02  RMSE  1.143e-01  
1495    3.1e-05 RMSE  9.940e-02  RMSE  1.143e-01  
1496    3.1e-05 RMSE  9.940e-02  RMSE  1.143e-01  
1497    3.1e-05 RMSE  9.940e-02  RMSE  1.142e-01  
1498    3.1e-05 RMSE  9.940e-02  RMSE  1.142e-01  
1499    3.1e-05 RMSE  9.940e-02  RMSE  1.142e-01  
1500    3.1e-05 RMSE  9.940e-02  RMSE  1.142e-01  
1501    3.1e-05 RMSE  9.940e-02  RMSE  1.142e-01  
1502    3.1e-05 RMSE  9.940e-02  RMSE  1.142e-01  
1503    3.1e-05 RMSE  9.940e-02  RMSE  1.142e-01  
1504    3.1e-05 RMSE  9.940e-02  RMSE  1.142e-01  
1505    3.1e-05 RMSE  9.940e-02  RMSE  1.142e-01  
1506    3.1e-05 RMSE  9.940e-02  RMSE  1.142e-01  
1507    3.1e-05 RMSE  9.940e-02  RMSE  1.142e-01  
1508    3.1e-05 RMSE  9.940e-02  RMSE  1.142e-01  
1509    3.1e-05 RMSE  9.940e-02  RMSE  1.142e-01  
1510    3.1e-05 RMSE  9.940e-02  RMSE  1.142e-01  
1511    3.1e-05 RMSE  9.940e-02  RMSE  1.142e-01  
1512    3.1e-05 RMSE  9.940e-02  RMSE  1.142e-01  
1513    3.1e-05 RMSE  9.940e-02  RMSE  1.142e-01  
1514    3.1e-05 RMSE  9.940e-02  RMSE  1.142e-01  
1515    3.1e-05 RMSE  9.940e-02  RMSE  1.142e-01  
1516    3.1e-05 RMSE  9.940e-02  RMSE  1.142e-01  
1517    3.1e-05 RMSE  9.940e-02  RMSE  1.142e-01  
1518    3.1e-05 RMSE  9.940e-02  RMSE  1.142e-01  
1519    3.1e-05 RMSE  9.940e-02  RMSE  1.142e-01  
1520    3.1e-05 RMSE  9.940e-02  RMSE  1.142e-01  
1521    3.1e-05 RMSE  9.940e-02  RMSE  1.142e-01  
1522    3.1e-05 RMSE  9.939e-02  RMSE  1.142e-01  
1523    3.1e-05 RMSE  9.939e-02  RMSE  1.142e-01  
1524    3.1e-05 RMSE  9.939e-02  RMSE  1.142e-01  
1525    3.1e-05 RMSE  9.939e-02  RMSE  1.142e-01  
1526    3.1e-05 RMSE  9.939e-02  RMSE  1.142e-01  
1527    3.1e-05 RMSE  9.939e-02  RMSE  1.142e-01  
1528    3.1e-05 RMSE  9.939e-02  RMSE  1.142e-01  
1529    3.1e-05 RMSE  9.939e-02  RMSE  1.142e-01  
1530    3.1e-05 RMSE  9.939e-02  RMSE  1.142e-01  
1531    3.1e-05 RMSE  9.939e-02  RMSE  1.142e-01  
1532    3.1e-05 RMSE  9.939e-02  RMSE  1.142e-01  
1533    3.1e-05 RMSE  9.939e-02  RMSE  1.142e-01  
1534    3.1e-05 RMSE  9.939e-02  RMSE  1.142e-01  
1535    3.1e-05 RMSE  9.939e-02  RMSE  1.142e-01  
1536    3.1e-05 RMSE  9.939e-02  RMSE  1.142e-01  
1537    3.1e-05 RMSE  9.939e-02  RMSE  1.142e-01  
1538    3.1e-05 RMSE  9.939e-02  RMSE  1.142e-01  
1539    3.1e-05 RMSE  9.939e-02  RMSE  1.142e-01  
1540    3.1e-05 RMSE  9.939e-02  RMSE  1.142e-01  
1541    3.1e-05 RMSE  9.939e-02  RMSE  1.142e-01  
1542    3.1e-05 RMSE  9.939e-02  RMSE  1.142e-01  
1543    3.1e-05 RMSE  9.939e-02  RMSE  1.142e-01  
1544    3.1e-05 RMSE  9.939e-02  RMSE  1.142e-01  
1545    3.1e-05 RMSE  9.939e-02  RMSE  1.142e-01  
1546    3.1e-05 RMSE  9.939e-02  RMSE  1.142e-01  
1547    3.1e-05 RMSE  9.939e-02  RMSE  1.142e-01  
1548    3.1e-05 RMSE  9.939e-02  RMSE  1.142e-01  
1549    3.1e-05 RMSE  9.939e-02  RMSE  1.142e-01  
1550    3.1e-05 RMSE  9.938e-02  RMSE  1.142e-01  
1551    3.1e-05 RMSE  9.938e-02  RMSE  1.142e-01  
1552    3.1e-05 RMSE  9.938e-02  RMSE  1.142e-01  
1553    3.1e-05 RMSE  9.938e-02  RMSE  1.142e-01  
1554    3.1e-05 RMSE  9.938e-02  RMSE  1.142e-01  
1555    3.1e-05 RMSE  9.938e-02  RMSE  1.142e-01  
1556    3.1e-05 RMSE  9.938e-02  RMSE  1.142e-01  
1557    3.1e-05 RMSE  9.938e-02  RMSE  1.142e-01  
1558    3.1e-05 RMSE  9.938e-02  RMSE  1.142e-01  
1559    3.1e-05 RMSE  9.938e-02  RMSE  1.142e-01  
1560    3.1e-05 RMSE  9.938e-02  RMSE  1.142e-01  
1561    3.1e-05 RMSE  9.938e-02  RMSE  1.142e-01  
1562    3.1e-05 RMSE  9.938e-02  RMSE  1.142e-01  
1563    3.1e-05 RMSE  9.938e-02  RMSE  1.142e-01  
1564    3.1e-05 RMSE  9.938e-02  RMSE  1.142e-01  
1565    3.1e-05 RMSE  9.938e-02  RMSE  1.142e-01  
1566    3.1e-05 RMSE  9.938e-02  RMSE  1.142e-01  
1567    3.1e-05 RMSE  9.938e-02  RMSE  1.142e-01  
1568    3.1e-05 RMSE  9.938e-02  RMSE  1.142e-01  
1569    3.1e-05 RMSE  9.938e-02  RMSE  1.142e-01  
1570    3.1e-05 RMSE  9.938e-02  RMSE  1.142e-01  
1571    3.1e-05 RMSE  9.938e-02  RMSE  1.142e-01  
1572    3.1e-05 RMSE  9.938e-02  RMSE  1.142e-01  
1573    3.1e-05 RMSE  9.938e-02  RMSE  1.142e-01  
1574    3.1e-05 RMSE  9.938e-02  RMSE  1.142e-01  
1575    3.1e-05 RMSE  9.938e-02  RMSE  1.142e-01  
1576    3.1e-05 RMSE  9.938e-02  RMSE  1.142e-01  
1577    3.1e-05 RMSE  9.937e-02  RMSE  1.142e-01  
1578    3.1e-05 RMSE  9.937e-02  RMSE  1.142e-01  
1579    3.1e-05 RMSE  9.937e-02  RMSE  1.142e-01  
1580    3.1e-05 RMSE  9.937e-02  RMSE  1.142e-01  
1581    3.1e-05 RMSE  9.937e-02  RMSE  1.142e-01  
1582    3.1e-05 RMSE  9.937e-02  RMSE  1.142e-01  
1583    3.1e-05 RMSE  9.937e-02  RMSE  1.142e-01  
1584    3.1e-05 RMSE  9.937e-02  RMSE  1.142e-01  
1585    3.1e-05 RMSE  9.937e-02  RMSE  1.142e-01  
1586    3.1e-05 RMSE  9.937e-02  RMSE  1.142e-01  
1587    3.1e-05 RMSE  9.937e-02  RMSE  1.142e-01  
1588    3.1e-05 RMSE  9.937e-02  RMSE  1.142e-01  
1589    3.1e-05 RMSE  9.937e-02  RMSE  1.142e-01  
1590    3.1e-05 RMSE  9.937e-02  RMSE  1.142e-01  
1591    3.1e-05 RMSE  9.937e-02  RMSE  1.142e-01  
1592    3.1e-05 RMSE  9.937e-02  RMSE  1.142e-01  
1593    3.1e-05 RMSE  9.937e-02  RMSE  1.142e-01  
1594    3.1e-05 RMSE  9.937e-02  RMSE  1.142e-01  
1595    3.1e-05 RMSE  9.937e-02  RMSE  1.142e-01  
1596    3.1e-05 RMSE  9.937e-02  RMSE  1.142e-01  
1597    3.1e-05 RMSE  9.937e-02  RMSE  1.142e-01  
1598    3.1e-05 RMSE  9.937e-02  RMSE  1.142e-01  
1599    3.1e-05 RMSE  9.937e-02  RMSE  1.142e-01  
1600    3.1e-05 RMSE  9.937e-02  RMSE  1.142e-01  
1601    3.1e-05 RMSE  9.937e-02  RMSE  1.142e-01  
1602    3.1e-05 RMSE  9.937e-02  RMSE  1.142e-01  
1603    3.1e-05 RMSE  9.937e-02  RMSE  1.142e-01  
1604    3.1e-05 RMSE  9.937e-02  RMSE  1.142e-01  
1605    3.1e-05 RMSE  9.936e-02  RMSE  1.142e-01  
1606    3.1e-05 RMSE  9.936e-02  RMSE  1.142e-01  
1607    3.1e-05 RMSE  9.936e-02  RMSE  1.142e-01  
1608    3.1e-05 RMSE  9.936e-02  RMSE  1.142e-01  
1609    3.1e-05 RMSE  9.936e-02  RMSE  1.142e-01  
1610    3.1e-05 RMSE  9.936e-02  RMSE  1.142e-01  
1611    3.1e-05 RMSE  9.936e-02  RMSE  1.142e-01  
1612    3.1e-05 RMSE  9.936e-02  RMSE  1.142e-01  
1613    3.1e-05 RMSE  9.936e-02  RMSE  1.142e-01  
1614    3.1e-05 RMSE  9.936e-02  RMSE  1.142e-01  
1615    3.1e-05 RMSE  9.936e-02  RMSE  1.142e-01  
1616    3.1e-05 RMSE  9.936e-02  RMSE  1.142e-01  
1617    3.1e-05 RMSE  9.936e-02  RMSE  1.142e-01  
1618    3.1e-05 RMSE  9.936e-02  RMSE  1.142e-01  
1619    3.1e-05 RMSE  9.936e-02  RMSE  1.142e-01  
1620    3.1e-05 RMSE  9.936e-02  RMSE  1.142e-01  
1621    3.1e-05 RMSE  9.936e-02  RMSE  1.142e-01  
1622    3.1e-05 RMSE  9.936e-02  RMSE  1.142e-01  
1623    3.1e-05 RMSE  9.936e-02  RMSE  1.142e-01  
1624    3.1e-05 RMSE  9.936e-02  RMSE  1.142e-01  
1625    3.1e-05 RMSE  9.936e-02  RMSE  1.142e-01  
1626    3.1e-05 RMSE  9.936e-02  RMSE  1.142e-01  
1627    3.1e-05 RMSE  9.936e-02  RMSE  1.142e-01  
1628    3.1e-05 RMSE  9.936e-02  RMSE  1.142e-01  
1629    3.1e-05 RMSE  9.936e-02  RMSE  1.142e-01  
1630    3.1e-05 RMSE  9.936e-02  RMSE  1.142e-01  
1631    3.1e-05 RMSE  9.936e-02  RMSE  1.142e-01  
1632    3.1e-05 RMSE  9.935e-02  RMSE  1.142e-01  
1633    3.1e-05 RMSE  9.935e-02  RMSE  1.142e-01  
1634    3.1e-05 RMSE  9.935e-02  RMSE  1.142e-01  
1635    3.1e-05 RMSE  9.935e-02  RMSE  1.142e-01  
1636    3.1e-05 RMSE  9.935e-02  RMSE  1.142e-01  
1637    3.1e-05 RMSE  9.935e-02  RMSE  1.142e-01  
1638    3.1e-05 RMSE  9.935e-02  RMSE  1.142e-01  
1639    3.1e-05 RMSE  9.935e-02  RMSE  1.142e-01  
1640    3.1e-05 RMSE  9.935e-02  RMSE  1.142e-01  
1641    3.1e-05 RMSE  9.935e-02  RMSE  1.142e-01  
1642    3.1e-05 RMSE  9.935e-02  RMSE  1.142e-01  
1643    3.1e-05 RMSE  9.935e-02  RMSE  1.142e-01  
1644    3.1e-05 RMSE  9.935e-02  RMSE  1.142e-01  
1645    3.1e-05 RMSE  9.935e-02  RMSE  1.142e-01  
1646    3.1e-05 RMSE  9.935e-02  RMSE  1.142e-01  
1647    3.1e-05 RMSE  9.935e-02  RMSE  1.142e-01  
1648    3.1e-05 RMSE  9.935e-02  RMSE  1.142e-01  
